2022-06-08 15:08:36,473 - main.api.ExecuteAPILead -DEBUG - Execution Started...UPDATE THE EXISTING ENTITY_TYPE in GlobalAdmin
2022-06-08 15:08:36,477 - main.api.ExecuteAPILead -DEBUG - Base URL fetched Succeed i.e. https://lnmjapi.adappt.ai/
2022-06-08 15:08:36,746 - main.api.ExecuteAPILead -DEBUG - Username Given ➜➜ (LexisnexisAdmin@adappt.co.in)
2022-06-08 15:08:36,748 - main.api.ExecuteAPILead -DEBUG - Password Given ➜➜(LonestarAdmin@123)
2022-06-08 15:08:39,810 - main.api.ExecuteAPILead -DEBUG - ⏪ PRE_POST ⏩  Requested for: https://lnmjapi.adappt.ai/api/v1/Account/token
2022-06-08 15:08:39,814 - main.api.ExecuteAPILead -DEBUG - ✔️PASS ! 🙂...Expected ➨ [200] == Actual ➨ [200]
2022-06-08 15:08:39,818 - main.api.ExecuteAPILead -DEBUG - ✔️PASS ! 🙂...Expected ➨ [HTTP/1.1 200 OK] == Actual ➨ [HTTP/1.1 200 OK]
2022-06-08 15:08:39,832 - main.api.ExecuteAPILead -DEBUG - ✔️PASS ! 🙂...BEARER TOKEN Generated Succeed 
2022-06-08 15:08:39,948 - main.api.ExecuteAPILead -DEBUG - RegionName Given i.e. (API)15.08.39
2022-06-08 15:08:39,949 - main.api.ExecuteAPILead -DEBUG - Prefix Given i.e. Lw39
2022-06-08 15:08:39,950 - main.api.ExecuteAPILead -DEBUG - Description Given i.e. Test_Description
2022-06-08 15:08:39,951 - main.api.ExecuteAPILead -DEBUG - DataCentre Given i.e. Test_DataCentre
2022-06-08 15:08:39,951 - main.api.ExecuteAPILead -DEBUG - Hosting Given i.e. Test_Hosting
2022-06-08 15:08:42,755 - main.api.ExecuteAPILead -DEBUG - ⏪ POST ⏩ Requested for https://lnmjapi.adappt.ai/api/v1/Region
2022-06-08 15:08:42,795 - main.api.ExecuteAPILead -DEBUG - Actual JsonBody Result is ➨➨ "0465b844-3e67-4d57-9d6a-07bdd70f9a08"
2022-06-08 15:08:42,797 - main.api.ExecuteAPILead -DEBUG - Actual StatusCode ➨➨ 200
2022-06-08 15:08:42,798 - main.api.ExecuteAPILead -DEBUG - ✔️PASS ! 🙂...Expected ➨ [200] == Actual ➨ [200]
2022-06-08 15:08:42,799 - main.api.ExecuteAPILead -DEBUG - Actual Status_Info is ➨➨ HTTP/1.1 200 OK
2022-06-08 15:08:42,799 - main.api.ExecuteAPILead -DEBUG - ✔️PASS ! 🙂...Expected ➨ [HTTP/1.1 200 OK] == Actual ➨ [HTTP/1.1 200 OK]
2022-06-08 15:08:42,802 - main.api.ExecuteAPILead -DEBUG - ➜ Region ID ➞➞ 0465b844-3e67-4d57-9d6a-07bdd70f9a08
2022-06-08 15:08:42,805 - main.api.ExecuteAPILead -DEBUG - ------------------------✔️👍  Region Created Successfully in GlobalAdmin
2022-06-08 15:08:42,919 - main.api.ExecuteAPILead -DEBUG - Username Given ➜➜ (LexisnexisAdmin@adappt.co.in)
2022-06-08 15:08:42,920 - main.api.ExecuteAPILead -DEBUG - Password Given ➜➜(LonestarAdmin@123)
2022-06-08 15:08:44,614 - main.api.ExecuteAPILead -DEBUG - ⏪ PRE_POST ⏩  Requested for: https://lnmjapi.adappt.ai/api/v1/Account/token
2022-06-08 15:08:44,615 - main.api.ExecuteAPILead -DEBUG - ✔️PASS ! 🙂...Expected ➨ [200] == Actual ➨ [200]
2022-06-08 15:08:44,615 - main.api.ExecuteAPILead -DEBUG - ✔️PASS ! 🙂...Expected ➨ [HTTP/1.1 200 OK] == Actual ➨ [HTTP/1.1 200 OK]
2022-06-08 15:08:44,616 - main.api.ExecuteAPILead -DEBUG - ✔️PASS ! 🙂...BEARER TOKEN Generated Succeed 
2022-06-08 15:08:44,771 - main.api.ExecuteAPILead -DEBUG - Name Given i.e. (JuAPI)15.08.44
2022-06-08 15:08:44,772 - main.api.ExecuteAPILead -DEBUG - RegionID Given i.e. 0465b844-3e67-4d57-9d6a-07bdd70f9a08
2022-06-08 15:08:44,772 - main.api.ExecuteAPILead -DEBUG - Prefix Given i.e. Lw44
2022-06-08 15:08:46,428 - main.api.ExecuteAPILead -DEBUG - ⏪ POST ⏩ Requested for https://lnmjapi.adappt.ai/api/v1/Jurisdiction
2022-06-08 15:08:46,430 - main.api.ExecuteAPILead -DEBUG - Actual JsonBody Result is ➨➨ "d5a108c0-68cb-4338-8b83-58bd897b9318"
2022-06-08 15:08:46,430 - main.api.ExecuteAPILead -DEBUG - ➜ Jurisdiction ID ➞➞ d5a108c0-68cb-4338-8b83-58bd897b9318
2022-06-08 15:08:46,431 - main.api.ExecuteAPILead -DEBUG - Actual StatusCode ➨➨ 200
2022-06-08 15:08:46,431 - main.api.ExecuteAPILead -DEBUG - ✔️PASS ! 🙂...Expected ➨ [200] == Actual ➨ [200]
2022-06-08 15:08:46,432 - main.api.ExecuteAPILead -DEBUG - Actual Status_Info is ➨➨ HTTP/1.1 200 OK
2022-06-08 15:08:46,432 - main.api.ExecuteAPILead -DEBUG - ✔️PASS ! 🙂...Expected ➨ [HTTP/1.1 200 OK] == Actual ➨ [HTTP/1.1 200 OK]
2022-06-08 15:08:46,433 - main.api.ExecuteAPILead -DEBUG - ------------------------✔️👍 Jurisdiction Created Successfully in GlobalAdmin
2022-06-08 15:08:46,548 - main.api.ExecuteAPILead -DEBUG - Username Given ➜➜ (LexisnexisAdmin@adappt.co.in)
2022-06-08 15:08:46,548 - main.api.ExecuteAPILead -DEBUG - Password Given ➜➜(LonestarAdmin@123)
2022-06-08 15:08:48,206 - main.api.ExecuteAPILead -DEBUG - ⏪ PRE_POST ⏩  Requested for: https://lnmjapi.adappt.ai/api/v1/Account/token
2022-06-08 15:08:48,207 - main.api.ExecuteAPILead -DEBUG - ✔️PASS ! 🙂...Expected ➨ [200] == Actual ➨ [200]
2022-06-08 15:08:48,208 - main.api.ExecuteAPILead -DEBUG - ✔️PASS ! 🙂...Expected ➨ [HTTP/1.1 200 OK] == Actual ➨ [HTTP/1.1 200 OK]
2022-06-08 15:08:48,209 - main.api.ExecuteAPILead -DEBUG - ✔️PASS ! 🙂...BEARER TOKEN Generated Succeed 
2022-06-08 15:08:48,322 - main.api.ExecuteAPILead -DEBUG - EntityType Name Given i.e. (EntityAPI)15.08.44
2022-06-08 15:08:48,322 - main.api.ExecuteAPILead -DEBUG - Region ID Given i.e. 0465b844-3e67-4d57-9d6a-07bdd70f9a08
2022-06-08 15:08:50,141 - main.api.ExecuteAPILead -DEBUG - ⏪ POST ⏩ Requested for https://lnmjapi.adappt.ai/api/v1/EntityType
2022-06-08 15:08:50,143 - main.api.ExecuteAPILead -DEBUG - Actual JsonBody Result is ➨➨ "ab01dd64-1bae-4fdf-a9d2-6285769ddf53"
2022-06-08 15:08:50,143 - main.api.ExecuteAPILead -DEBUG - Actual StatusCode ➨➨ 200
2022-06-08 15:08:50,144 - main.api.ExecuteAPILead -DEBUG - ✔️PASS ! 🙂...Expected ➨ [200] == Actual ➨ [200]
2022-06-08 15:08:50,145 - main.api.ExecuteAPILead -DEBUG - Actual Status_Info is ➨➨ HTTP/1.1 200 OK
2022-06-08 15:08:50,145 - main.api.ExecuteAPILead -DEBUG - ✔️PASS ! 🙂...Expected ➨ [HTTP/1.1 200 OK] == Actual ➨ [HTTP/1.1 200 OK]
2022-06-08 15:08:50,146 - main.api.ExecuteAPILead -DEBUG - ------------------------✔️👍 EntityType is Created Successfully in GlobalAdmin
2022-06-08 15:08:50,259 - main.api.ExecuteAPILead -DEBUG - Username Given ➜➜ (LexisnexisAdmin@adappt.co.in)
2022-06-08 15:08:50,260 - main.api.ExecuteAPILead -DEBUG - Password Given ➜➜(LonestarAdmin@123)
2022-06-08 15:08:51,979 - main.api.ExecuteAPILead -DEBUG - ⏪ PRE_POST ⏩  Requested for: https://lnmjapi.adappt.ai/api/v1/Account/token
2022-06-08 15:08:51,980 - main.api.ExecuteAPILead -DEBUG - ✔️PASS ! 🙂...Expected ➨ [200] == Actual ➨ [200]
2022-06-08 15:08:51,980 - main.api.ExecuteAPILead -DEBUG - ✔️PASS ! 🙂...Expected ➨ [HTTP/1.1 200 OK] == Actual ➨ [HTTP/1.1 200 OK]
2022-06-08 15:08:51,981 - main.api.ExecuteAPILead -DEBUG - ✔️PASS ! 🙂...BEARER TOKEN Generated Succeed 
2022-06-08 15:08:53,816 - main.api.ExecuteAPILead -DEBUG - ⏪ GET_ALL ⏩ Requested for https://lnmjapi.adappt.ai/api/v1/EntityType
2022-06-08 15:08:54,120 - main.api.ExecuteAPILead -DEBUG - Actual JsonBody Result is ➨➨ [{"Id":"a8eb9aa0-edb9-4a91-ad71-03fde79f2b93","Key":"legislation-keyword","Name":"Legislation Keyword","SubTypesCnt":1,"RegionId":null,"RegionName":null,"Prefix":null},{"Id":"cd437ba2-c35b-4827-96fa-07140a8349aa","Key":"units-single","Name":"Units Single","SubTypesCnt":1,"RegionId":null,"RegionName":null,"Prefix":null},{"Id":"10e1c830-2d25-4335-91b6-07a171e76b21","Key":"definition-rule-12-prefix","Name":"Definition rule 12 Prefix","SubTypesCnt":1,"RegionId":null,"RegionName":null,"Prefix":null},{"Id":"701efb57-6fbb-4954-bec5-0905f141d48e","Key":"close-round-bracket","Name":"Close Round Bracket","SubTypesCnt":1,"RegionId":null,"RegionName":null,"Prefix":null},{"Id":"97f83906-b7ec-4f7a-841d-0961b322ccbf","Key":"locations","Name":"Locations","SubTypesCnt":1,"RegionId":null,"RegionName":null,"Prefix":null},{"Id":"f36fd0c3-4c1a-48b0-a300-0c9cd1e8cc33","Key":"abbrevation-prefix-part","Name":"Abbrevation Prefix Part","SubTypesCnt":1,"RegionId":null,"RegionName":null,"Prefix":null},{"Id":"ce89a90b-3100-4a9b-b88d-0cf25a218f32","Key":"towns","Name":"Towns","SubTypesCnt":1,"RegionId":null,"RegionName":null,"Prefix":null},{"Id":"f128cd54-8a53-4b0e-bf97-0f9ba90ddb2e","Key":"newly-created","Name":"Newly created","SubTypesCnt":1,"RegionId":null,"RegionName":null,"Prefix":null},{"Id":"2c9cf686-e625-42c9-aa2e-1445b253a61e","Key":"and","Name":"And","SubTypesCnt":1,"RegionId":null,"RegionName":null,"Prefix":null},{"Id":"ec1d71eb-c02b-4603-b642-15d86a28bae7","Key":"legislation-citation","Name":"Legislation Citation","SubTypesCnt":1,"RegionId":null,"RegionName":null,"Prefix":null},{"Id":"d25c88bc-28e5-497c-98c8-1929626b9803","Key":"government","Name":"Government","SubTypesCnt":1,"RegionId":null,"RegionName":null,"Prefix":null},{"Id":"17b64011-747f-4db8-acd7-1ccbed56f408","Key":"case-keyword-exparte","Name":"Case Keyword Exparte","SubTypesCnt":1,"RegionId":null,"RegionName":null,"Prefix":null},{"Id":"98bdd91b-5996-478e-acc7-1d18d54037a0","Key":"cultures","Name":"Cultures","SubTypesCnt":1,"RegionId":null,"RegionName":null,"Prefix":null},{"Id":"047b2177-b6b0-4706-a815-22df28f171ee","Key":"back-slash","Name":"Back Slash","SubTypesCnt":1,"RegionId":null,"RegionName":null,"Prefix":null},{"Id":"c7179ac0-c1e2-48a2-869b-258b68c8eb58","Key":"close-curly-bracket","Name":"Close Curly Bracket","SubTypesCnt":1,"RegionId":null,"RegionName":null,"Prefix":null},{"Id":"b0757088-9836-40ba-b085-26e2acfa849f","Key":"sign-part","Name":"Sign-Part","SubTypesCnt":1,"RegionId":null,"RegionName":null,"Prefix":null},{"Id":"ac9b1145-a6ae-4205-8349-29259f4fdf78","Key":"uk-rule-or-guidance-keyword","Name":"Uk Rule Or Guidance Keyword","SubTypesCnt":1,"RegionId":null,"RegionName":null,"Prefix":null},{"Id":"fde44106-50dc-4538-9af3-29b5b231905a","Key":"surnames","Name":"Surnames","SubTypesCnt":1,"RegionId":null,"RegionName":null,"Prefix":null},{"Id":"13673062-47d4-423b-8cf8-29be99c24e35","Key":"crown-party-name","Name":"Crown Party Name","SubTypesCnt":1,"RegionId":null,"RegionName":null,"Prefix":null},{"Id":"2bf0c8e8-07ef-49f1-ad17-2a4642ee6ff1","Key":"uk-transitional-provisions","Name":"Uk Transitional Provisions","SubTypesCnt":1,"RegionId":null,"RegionName":null,"Prefix":null},{"Id":"9f6ebf35-08dd-47c0-9364-2ade87e758e2","Key":"date-period","Name":"Date Period","SubTypesCnt":1,"RegionId":null,"RegionName":null,"Prefix":null},{"Id":"b879d922-740e-47fa-8c68-2ba0dc2b6e2e","Key":"floor","Name":"Floor","SubTypesCnt":1,"RegionId":null,"RegionName":null,"Prefix":null},{"Id":"840ac6a2-478c-4519-a04c-2df40d435f56","Key":"number-prefix","Name":"Number Prefix","SubTypesCnt":1,"RegionId":null,"RegionName":null,"Prefix":null},{"Id":"9afb7525-ef1c-427e-a445-32142c0cde06","Key":"open-curly-bracket","Name":"Open Curly Bracket","SubTypesCnt":1,"RegionId":null,"RegionName":null,"Prefix":null},{"Id":"4c1a71aa-8448-4fd5-9bda-35e2874311cc","Key":"question-mark","Name":"Question Mark","SubTypesCnt":1,"RegionId":null,"RegionName":null,"Prefix":null},{"Id":"f73c4cc2-3327-4d21-af31-38e8cd108bfa","Key":"british-spelling","Name":"British Spelling","SubTypesCnt":1,"RegionId":null,"RegionName":null,"Prefix":null},{"Id":"e52f8d05-73f6-4947-977e-3abd618a62d4","Key":"bullets","Name":"Bullets","SubTypesCnt":1,"RegionId":null,"RegionName":null,"Prefix":null},{"Id":"2447801c-9bb8-4aa2-9053-3acf35934795","Key":"dash","Name":"Dash","SubTypesCnt":1,"RegionId":null,"RegionName":null,"Prefix":null},{"Id":"d21567d6-9f1d-401b-9379-3cf55cf3a6fe","Key":"definition-rule-7-14-suffix","Name":"Definition Rule 7 14 Suffix","SubTypesCnt":1,"RegionId":null,"RegionName":null,"Prefix":null},{"Id":"df09807e-72df-4db0-96b1-415cf547d40f","Key":"style-ordinal-number","Name":"Style Ordinal Number","SubTypesCnt":1,"RegionId":null,"RegionName":null,"Prefix":null},{"Id":"16ca2f13-de51-496d-9447-420530e95267","Key":"definition-rule-6-prefix","Name":"Definition Rule 6 Prefix","SubTypesCnt":1,"RegionId":null,"RegionName":null,"Prefix":null},{"Id":"eaf9f033-49e6-4ac1-9a6c-43aef8bfb57a","Key":"reference-prefix","Name":"Reference Prefix","SubTypesCnt":1,"RegionId":null,"RegionName":null,"Prefix":null},{"Id":"ace8d56e-a6b7-43c8-9cca-45de6170d295","Key":"periodical-date","Name":"Periodical Date","SubTypesCnt":1,"RegionId":null,"RegionName":null,"Prefix":null},{"Id":"1dd2c9b7-9b70-4ede-935f-47aa2d5f96f7","Key":"case-keyword-regarding","Name":"Case Keyword Regarding","SubTypesCnt":1,"RegionId":null,"RegionName":null,"Prefix":null},{"Id":"ff1bcd11-8cd8-494f-807c-47de434e5238","Key":"european-institution","Name":"European Institution","SubTypesCnt":1,"RegionId":null,"RegionName":null,"Prefix":null},{"Id":"e0b95ef4-7965-4a99-8cc5-4e8ad1823494","Key":"external-document","Name":"External Document","SubTypesCnt":1,"RegionId":null,"RegionName":null,"Prefix":null},{"Id":"a357b831-43fc-45b0-9126-4ed578be8583","Key":"floors","Name":"Floors","SubTypesCnt":1,"RegionId":null,"RegionName":null,"Prefix":null},{"Id":"ddecbf75-3e83-4b86-a196-524317b2f493","Key":"location-prefixes","Name":"Location Prefixes","SubTypesCnt":1,"RegionId":null,"RegionName":null,"Prefix":null},{"Id":"2ff3b6da-4a58-4970-8420-54325d616f37","Key":"holidays","Name":"Holidays","SubTypesCnt":1,"RegionId":null,"RegionName":null,"Prefix":null},{"Id":"b93625b0-a882-42a4-8e5c-568addd41055","Key":"ignore-words-for-definitions","Name":"Ignore words for definitions","SubTypesCnt":1,"RegionId":null,"RegionName":null,"Prefix":null},{"Id":"8242f141-17ac-40a7-876c-574204da3ef3","Key":"counties","Name":"Counties","SubTypesCnt":1,"RegionId":null,"RegionName":null,"Prefix":null},{"Id":"bc9d7fea-3edb-4921-9a1a-58e5e5874db0","Key":"telephone-international-area-trunk","Name":"Telephone International Area Trunk","SubTypesCnt":1,"RegionId":null,"RegionName":null,"Prefix":null},{"Id":"7a503c0c-9de4-4c40-8def-593b6564facb","Key":"comma","Name":"Comma","SubTypesCnt":1,"RegionId":null,"RegionName":null,"Prefix":null},{"Id":"67215ac1-3f18-418b-b16d-5e4bd1b2b63a","Key":"time","Name":"Time","SubTypesCnt":1,"RegionId":null,"RegionName":null,"Prefix":null},{"Id":"b8d1c896-c310-40b1-8917-5f80e31abfab","Key":"american-spelling","Name":"American Spelling","SubTypesCnt":1,"RegionId":null,"RegionName":null,"Prefix":null},{"Id":"ab01dd64-1bae-4fdf-a9d2-6285769ddf53","Key":"(entityapi)15.08.44","Name":"(EntityAPI)15.08.44","SubTypesCnt":0,"RegionId":"0465b844-3e67-4d57-9d6a-07bdd70f9a08","RegionName":"(API)15.08.39","Prefix":"Lw39"},{"Id":"9ddd6d05-2ce5-462d-bd0d-62d45f9e8837","Key":"open-round-bracket","Name":"Open Round Bracket","SubTypesCnt":1,"RegionId":null,"RegionName":null,"Prefix":null},{"Id":"33e06087-d7d1-47a0-9b16-65674bc688c0","Key":"colon","Name":"Colon","SubTypesCnt":1,"RegionId":null,"RegionName":null,"Prefix":null},{"Id":"92a37483-07ca-4909-a5ae-6594e0a7e5a9","Key":"meridiem","Name":"Meridiem","SubTypesCnt":1,"RegionId":null,"RegionName":null,"Prefix":null},{"Id":"640ef449-19ff-430e-bd8a-65e9699313a8","Key":"uk-cprpd-para","Name":"Uk Cprpd Para","SubTypesCnt":1,"RegionId":null,"RegionName":null,"Prefix":null},{"Id":"3b7b2d73-eaab-4fa1-8359-69e29411675b","Key":"possessive","Name":"Possessive","SubTypesCnt":1,"RegionId":null,"RegionName":null,"Prefix":null},{"Id":"c5d4b638-bf51-476b-851e-6c032ef600dd","Key":"uk-cpr-abbrev","Name":"Uk Cpr Abbrev","SubTypesCnt":1,"RegionId":null,"RegionName":null,"Prefix":null},{"Id":"fc39f188-6cb6-415b-8b50-6c5dfa2c7882","Key":"ampersand","Name":"Ampersand","SubTypesCnt":1,"RegionId":null,"RegionName":null,"Prefix":null},{"Id":"06b8efc4-0b86-444a-8d02-6f1617f168f8","Key":"the","Name":"The","SubTypesCnt":1,"RegionId":null,"RegionName":null,"Prefix":null},{"Id":"c535204e-0197-4fa5-82c8-731d2bb92d57","Key":"incorporated-ambiguos","Name":"Incorporated Ambiguos","SubTypesCnt":1,"RegionId":null,"RegionName":null,"Prefix":null},{"Id":"9be6b055-4bc3-455d-ad96-739efbf2cabb","Key":"exclamation-mark","Name":"Exclamation Mark","SubTypesCnt":1,"RegionId":null,"RegionName":null,"Prefix":null},{"Id":"ec82812f-3cab-470c-9aa4-73ffc0a65fdb","Key":"single-quote","Name":"Single Quote","SubTypesCnt":1,"RegionId":null,"RegionName":null,"Prefix":null},{"Id":"42dc8b09-3006-48c4-a848-740041d69d62","Key":"exponents","Name":"Exponents","SubTypesCnt":1,"RegionId":null,"RegionName":null,"Prefix":null},{"Id":"ee056e6a-0922-4102-9687-74b5d9697ced","Key":"units","Name":"Units","SubTypesCnt":1,"RegionId":null,"RegionName":null,"Prefix":null},{"Id":"89856c84-5138-43e1-98a5-74f6c2b84013","Key":"uk-tribunal-keyword","Name":"Uk Tribunal Keyword","SubTypesCnt":1,"RegionId":null,"RegionName":null,"Prefix":null},{"Id":"1c312e0f-84d1-4dd4-a2b3-750c60ca9352","Key":"location-directions","Name":"Location Directions","SubTypesCnt":1,"RegionId":null,"RegionName":null,"Prefix":null},{"Id":"f0cb0ac6-d7d0-463e-a0ef-7587f57888b6","Key":"under-score","Name":"Under Score","SubTypesCnt":1,"RegionId":null,"RegionName":null,"Prefix":null},{"Id":"a5e3eaf2-1478-46b6-a52b-75f3dce19919","Key":"definition-conjunction","Name":"Definition Conjunction","SubTypesCnt":1,"RegionId":null,"RegionName":null,"Prefix":null},{"Id":"51ef4f7e-58bf-45ad-83e7-7c33131fb07b","Key":"uk-high-court-division","Name":"Uk High Court Division","SubTypesCnt":1,"RegionId":null,"RegionName":null,"Prefix":null},{"Id":"3c429768-694c-403e-a7d5-7d4e65dffecc","Key":"hours","Name":"Hours","SubTypesCnt":1,"RegionId":null,"RegionName":null,"Prefix":null},{"Id":"a40b9b90-0982-47e3-8996-7d9de1a2be6e","Key":"close-square-bracket","Name":"Close Square Bracket","SubTypesCnt":1,"RegionId":null,"RegionName":null,"Prefix":null},{"Id":"6e534456-215a-49a7-9cad-7da20a9d3237","Key":"provisions","Name":"Provisions","SubTypesCnt":1,"RegionId":null,"RegionName":null,"Prefix":null},{"Id":"043b8216-56ce-4f85-9bfa-800ac18fb55b","Key":"incorporated","Name":"Incorporated","SubTypesCnt":1,"RegionId":null,"RegionName":null,"Prefix":null},{"Id":"5bd55b0c-8471-4fd0-a511-81039a8a685b","Key":"style-decimal-enclosed-circle","Name":"Style Decimal Enclosed Circle","SubTypesCnt":1,"RegionId":null,"RegionName":null,"Prefix":null},{"Id":"736032f9-f6c2-42e9-a2f5-8143a87fd839","Key":"numeric-references","Name":"Numeric References","SubTypesCnt":1,"RegionId":null,"RegionName":null,"Prefix":null},{"Id":"24180be5-eae0-449a-b4bf-82aa5006b55f","Key":"trading-names","Name":"Trading Names","SubTypesCnt":1,"RegionId":null,"RegionName":null,"Prefix":null},{"Id":"e14c5dda-cb8b-49af-acce-871da704cec3","Key":"suffixes","Name":"Suffixes","SubTypesCnt":1,"RegionId":null,"RegionName":null,"Prefix":null},{"Id":"2a8d0ab6-1313-47cf-a132-8ae7fa2e0eec","Key":"open-angle-bracket","Name":"Open Angle Bracket","SubTypesCnt":1,"RegionId":null,"RegionName":null,"Prefix":null},{"Id":"898f1c68-3bd5-43ef-90e4-8bca6fcad686","Key":"uk-appendix-keyword","Name":"Uk Appendix Keyword","SubTypesCnt":1,"RegionId":null,"RegionName":null,"Prefix":null},{"Id":"d2ca6d92-4d8a-490a-9bc1-8e4085825cd2","Key":"of","Name":"Of","SubTypesCnt":1,"RegionId":null,"RegionName":null,"Prefix":null},{"Id":"a0626b9e-1ae3-41fc-b7f5-8f93a3cd6e50","Key":"reference-cluster-conjunction","Name":"Reference Cluster Conjunction","SubTypesCnt":1,"RegionId":null,"RegionName":null,"Prefix":null},{"Id":"6f7e974b-6030-4f81-9691-9598ce65d384","Key":"uk-official-law-report","Name":"Uk Official Law Report","SubTypesCnt":1,"RegionId":null,"RegionName":null,"Prefix":null},{"Id":"a26d93c7-7de8-4c3c-8e19-97e9b4682fa3","Key":"uk-case-summary","Name":"Uk Case Summary","SubTypesCnt":1,"RegionId":null,"RegionName":null,"Prefix":null},{"Id":"59d02264-b9e3-49c8-939e-98b2c4474c2f","Key":"ordinal-number","Name":"Ordinal Number","SubTypesCnt":1,"RegionId":null,"RegionName":null,"Prefix":null},{"Id":"7012d7f0-1c5e-4a75-a8c0-99c54c348803","Key":"honorifics","Name":"Honorifics","SubTypesCnt":1,"RegionId":null,"RegionName":null,"Prefix":null},{"Id":"107e0b7c-b524-4741-8b43-9cb4b87096af","Key":"table-headings","Name":"Table-Headings","SubTypesCnt":1,"RegionId":null,"RegionName":null,"Prefix":null},{"Id":"9d375ff2-e1c4-4a1e-b5d1-a12404b91097","Key":"incorporatedand","Name":"IncorporatedAnd","SubTypesCnt":1,"RegionId":null,"RegionName":null,"Prefix":null},{"Id":"02eddf35-ae31-4293-8dd5-a3c85af3e287","Key":"number-abbreviation","Name":"Number Abbreviation","SubTypesCnt":1,"RegionId":null,"RegionName":null,"Prefix":null},{"Id":"010c4866-4cf7-49c1-8afc-a6d57425fdb1","Key":"address-part","Name":"Address-Part","SubTypesCnt":1,"RegionId":null,"RegionName":null,"Prefix":null},{"Id":"392ca39d-e55f-47a9-8286-a7f8a9bdb779","Key":"determiner","Name":"Determiner","SubTypesCnt":1,"RegionId":null,"RegionName":null,"Prefix":null},{"Id":"a2166f37-5cf8-49d9-a9c0-b142212c3cf3","Key":"gendered-language","Name":"Gendered language","SubTypesCnt":1,"RegionId":null,"RegionName":null,"Prefix":null},{"Id":"b9acb003-17e1-4221-85ec-b27207374f7f","Key":"uk-month","Name":"Uk Month","SubTypesCnt":1,"RegionId":null,"RegionName":null,"Prefix":null},{"Id":"e8752ee5-332e-4658-bf4b-b425fb472e65","Key":"vat-number-prefix","Name":"vat-number-prefix","SubTypesCnt":1,"RegionId":null,"RegionName":null,"Prefix":null},{"Id":"06cb6de7-341c-403c-a40e-b569238a5cba","Key":"countries","Name":"Countries","SubTypesCnt":1,"RegionId":null,"RegionName":null,"Prefix":null},{"Id":"b0c25ae3-182a-45d1-a683-b8f82bc458ea","Key":"policies-standards","Name":"Policies Standards","SubTypesCnt":1,"RegionId":null,"RegionName":null,"Prefix":null},{"Id":"5ceee563-a8d6-4e1d-b6f6-b9874b6f7c6f","Key":"uk-lseaim-rule-keyword","Name":"Uk Lseaim Rule Keyword","SubTypesCnt":1,"RegionId":null,"RegionName":null,"Prefix":null},{"Id":"c738bd88-ba69-4758-ac6e-ba43ccc04e7a","Key":"saint","Name":"Saint","SubTypesCnt":1,"RegionId":null,"RegionName":null,"Prefix":null},{"Id":"ca8b9bb4-8c25-4f0b-b6d0-bfb37f74c18c","Key":"miscellaneous","Name":"Miscellaneous","SubTypesCnt":1,"RegionId":null,"RegionName":null,"Prefix":null},{"Id":"d2477e0b-89da-4a43-a76f-c04e6a6c9045","Key":"fraction","Name":"Fraction","SubTypesCnt":1,"RegionId":null,"RegionName":null,"Prefix":null},{"Id":"029915b2-6f57-454b-9b02-c1ae252d9737","Key":"case-keyword-against","Name":"Case Keyword Against","SubTypesCnt":1,"RegionId":null,"RegionName":null,"Prefix":null},{"Id":"5d573466-e2d7-4e1e-8084-c1c96f24af04","Key":"surname-prefixes","Name":"Surname Prefixes","SubTypesCnt":1,"RegionId":null,"RegionName":null,"Prefix":null},{"Id":"899d2bf3-205d-4f42-baf9-c220fda7b7c2","Key":"uk-annex-keyword","Name":"Uk Annex Keyword","SubTypesCnt":1,"RegionId":null,"RegionName":null,"Prefix":null},{"Id":"a862cd7f-aa1f-46b0-b6eb-c4a46f231a3e","Key":"forward-slash","Name":"Forward Slash","SubTypesCnt":1,"RegionId":null,"RegionName":null,"Prefix":null},{"Id":"d1e9d19c-ffda-47e8-b76a-c76876f980dd","Key":"open-square-bracket","Name":"Open Square Bracket","SubTypesCnt":1,"RegionId":null,"RegionName":null,"Prefix":null},{"Id":"7f8025f1-c26d-4912-a3ca-c7cb3096fb26","Key":"if","Name":"If","SubTypesCnt":1,"RegionId":null,"RegionName":null,"Prefix":null},{"Id":"c3a585fe-4644-4778-bb3b-c89f99532ff5","Key":"payroll-number-prefix","Name":"Payroll Number Prefix","SubTypesCnt":1,"RegionId":null,"RegionName":null,"Prefix":null},{"Id":"6b8ea2b7-fef3-4fb5-815b-cd687ff10e7c","Key":"number-abbreviation-with-prefilters","Name":"Number Abbreviation With Prefilters","SubTypesCnt":1,"RegionId":null,"RegionName":null,"Prefix":null},{"Id":"d3512c0a-5982-4d83-ad13-cd9f012207eb","Key":"timezone","Name":"Timezone","SubTypesCnt":1,"RegionId":null,"RegionName":null,"Prefix":null},{"Id":"bab351ce-f2c3-48bb-8177-cdc7750ede1b","Key":"post-code","Name":"Post Code","SubTypesCnt":1,"RegionId":null,"RegionName":null,"Prefix":null},{"Id":"bc4ba68e-6e03-4918-9548-ce3cb4744dd4","Key":"first-names","Name":"First Names","SubTypesCnt":1,"RegionId":null,"RegionName":null,"Prefix":null},{"Id":"7cc7419d-c97c-491b-88ac-cef03f3a6e02","Key":"our","Name":"Our","SubTypesCnt":1,"RegionId":null,"RegionName":null,"Prefix":null},{"Id":"56703251-b71a-4ac3-81d3-cfc7e90be4ea","Key":"company-suffix","Name":"Company-Suffix","SubTypesCnt":1,"RegionId":null,"RegionName":null,"Prefix":null},{"Id":"6895f6fc-c82d-43c8-96bc-cfd4cfd1390c","Key":"land-registry","Name":"Land Registry","SubTypesCnt":1,"RegionId":null,"RegionName":null,"Prefix":null},{"Id":"9c272781-024f-4276-820d-d0306dae2e41","Key":"languages","Name":"Languages","SubTypesCnt":1,"RegionId":null,"RegionName":null,"Prefix":null},{"Id":"d1408bae-d871-412b-a2da-d6cd118f1089","Key":"common-company-names","Name":"Common Company Names","SubTypesCnt":1,"RegionId":null,"RegionName":null,"Prefix":null},{"Id":"e6fb1f5f-ab0e-4abd-ac17-dceb4f0f7c3a","Key":"sub-units-single","Name":"Sub Units Single","SubTypesCnt":1,"RegionId":null,"RegionName":null,"Prefix":null},{"Id":"b88cd5dd-b5be-4d63-ab65-dec5b4e9f0bc","Key":"definition-rule-8-suffix","Name":"Definition Rule 8 Suffix","SubTypesCnt":1,"RegionId":null,"RegionName":null,"Prefix":null},{"Id":"585d8650-85f8-477a-b94e-df7c9e8ce811","Key":"string","Name":"String","SubTypesCnt":1,"RegionId":null,"RegionName":null,"Prefix":null},{"Id":"48a250e9-bdfa-43bf-b05b-e207ffbcaa28","Key":"sub-units","Name":"Sub Units","SubTypesCnt":1,"RegionId":null,"RegionName":null,"Prefix":null},{"Id":"18c1fe49-4925-4fb4-9ed3-e2c15c4a326d","Key":"global-2000","Name":"Global 2000","SubTypesCnt":1,"RegionId":null,"RegionName":null,"Prefix":null},{"Id":"e6796a5a-51c4-44dc-b119-e4208e0adb88","Key":"month","Name":"Month","SubTypesCnt":1,"RegionId":null,"RegionName":null,"Prefix":null},{"Id":"8ae873bd-18e2-494e-8629-e585b385f087","Key":"ellipses","Name":"Ellipses","SubTypesCnt":1,"RegionId":null,"RegionName":null,"Prefix":null},{"Id":"83f90e79-c8fb-4912-adce-e66e7495924c","Key":"location-keywords","Name":"Location Keywords","SubTypesCnt":1,"RegionId":null,"RegionName":null,"Prefix":null},{"Id":"18ef36fd-223b-4aca-926e-e780bb43a0a8","Key":"pronouns","Name":"Pronouns","SubTypesCnt":1,"RegionId":null,"RegionName":null,"Prefix":null},{"Id":"2273a934-8897-41ed-b746-e7fb5f949514","Key":"street-types","Name":"Street Types","SubTypesCnt":1,"RegionId":null,"RegionName":null,"Prefix":null},{"Id":"c1b08c59-ac86-44d0-a821-e93fb8e3ad25","Key":"double-quotes","Name":"Double Quotes","SubTypesCnt":1,"RegionId":null,"RegionName":null,"Prefix":null},{"Id":"f705e502-df2e-4350-ad67-ea1a7117dcca","Key":"as","Name":"as","SubTypesCnt":0,"RegionId":"9a039aba-8b5e-41a3-a344-0aed6b9d3a87","RegionName":"TestRegion30May2","Prefix":"COIM"},{"Id":"85a24970-f9a6-4b4b-91bd-eab1a40921ed","Key":"diamond-symbol","Name":"Diamond Symbol","SubTypesCnt":1,"RegionId":null,"RegionName":null,"Prefix":null},{"Id":"35cc3f9d-f8cf-40df-804c-ebf3862af3fb","Key":"other-references","Name":"Other References","SubTypesCnt":1,"RegionId":null,"RegionName":null,"Prefix":null},{"Id":"eb6fede5-61ba-4fa7-9138-ed3e5b7a6ce4","Key":"uk-schedule-keyword","Name":"Uk Schedule Keyword","SubTypesCnt":1,"RegionId":null,"RegionName":null,"Prefix":null},{"Id":"3e9251ee-dd82-46f1-a95d-ee6ef305752e","Key":"date-of-week","Name":"Date Of Week","SubTypesCnt":1,"RegionId":null,"RegionName":null,"Prefix":null},{"Id":"9a16b39f-8492-40eb-a80f-efd2de9b3f83","Key":"close-angle-bracket","Name":"Close Angle Bracket","SubTypesCnt":1,"RegionId":null,"RegionName":null,"Prefix":null},{"Id":"1e35728d-6553-499f-a173-f555776a8c9e","Key":"legislation-sections","Name":"legislation sections","SubTypesCnt":1,"RegionId":null,"RegionName":null,"Prefix":null},{"Id":"2e37739e-e1e9-4003-8e69-f5a99f771e79","Key":"full-stop","Name":"Full Stop","SubTypesCnt":1,"RegionId":null,"RegionName":null,"Prefix":null},{"Id":"43a1b7ae-e3b1-45ef-992b-f817b9ce8f06","Key":"definition-rule-5-prefix","Name":"Definition Rule 5 Prefix","SubTypesCnt":1,"RegionId":null,"RegionName":null,"Prefix":null},{"Id":"2baa7efb-6f2d-4642-8cfb-f84b337c7b34","Key":"currencies","Name":"Currencies","SubTypesCnt":1,"RegionId":null,"RegionName":null,"Prefix":null},{"Id":"b7b64279-61eb-40ae-92e7-ff414c254022","Key":"semi-colon","Name":"Semi Colon","SubTypesCnt":1,"RegionId":null,"RegionName":null,"Prefix":null},{"Id":"a9b75284-71af-4ea8-b6c4-ff4c492a2c3c","Key":"to","Name":"To","SubTypesCnt":1,"RegionId":null,"RegionName":null,"Prefix":null}]
2022-06-08 15:08:54,130 - main.api.ExecuteAPILead -DEBUG - Actual StatusCode ➨➨ 200
2022-06-08 15:08:54,130 - main.api.ExecuteAPILead -DEBUG - ✔️PASS ! 🙂...Expected ➨ [200] == Actual ➨ [200]
2022-06-08 15:08:54,131 - main.api.ExecuteAPILead -DEBUG - Actual Status_Info is ➨➨ HTTP/1.1 200 OK
2022-06-08 15:08:54,131 - main.api.ExecuteAPILead -DEBUG - ✔️PASS ! 🙂...Expected ➨ [HTTP/1.1 200 OK] == Actual ➨ [HTTP/1.1 200 OK]
2022-06-08 15:08:54,754 - main.api.ExecuteAPILead -DEBUG - List of EntityKey ➞➞ 133
2022-06-08 15:08:54,784 - main.api.ExecuteAPILead -DEBUG - ------------------------✔️👍 EntityType is Viewed Successfully in GlobalAdmin
2022-06-08 15:08:54,895 - main.api.ExecuteAPILead -DEBUG - Username Given ➜➜ (LexisnexisAdmin@adappt.co.in)
2022-06-08 15:08:54,895 - main.api.ExecuteAPILead -DEBUG - Password Given ➜➜(LonestarAdmin@123)
2022-06-08 15:08:56,582 - main.api.ExecuteAPILead -DEBUG - ⏪ PRE_POST ⏩  Requested for: https://lnmjapi.adappt.ai/api/v1/Account/token
2022-06-08 15:08:56,583 - main.api.ExecuteAPILead -DEBUG - ✔️PASS ! 🙂...Expected ➨ [200] == Actual ➨ [200]
2022-06-08 15:08:56,584 - main.api.ExecuteAPILead -DEBUG - ✔️PASS ! 🙂...Expected ➨ [HTTP/1.1 200 OK] == Actual ➨ [HTTP/1.1 200 OK]
2022-06-08 15:08:56,585 - main.api.ExecuteAPILead -DEBUG - ✔️PASS ! 🙂...BEARER TOKEN Generated Succeed 
2022-06-08 15:08:56,701 - main.api.ExecuteAPILead -DEBUG - EntityType Key Given i.e. null
2022-06-08 15:08:56,702 - main.api.ExecuteAPILead -DEBUG - EntityType Name Given i.e. (UpEtAPI)
2022-06-08 15:08:56,702 - main.api.ExecuteAPILead -DEBUG - Region ID Given i.e. 0465b844-3e67-4d57-9d6a-07bdd70f9a08
2022-06-08 15:08:58,419 - main.api.ExecuteAPILead -DEBUG - ⏪ PUT ⏩ Request for https://lnmjapi.adappt.ai/api/v1/EntityType
2022-06-08 15:08:58,420 - main.api.ExecuteAPILead -DEBUG - Actual JsonBody Result is ➨➨ {"errors":{"Key":["The Key field is required."]},"type":"https://tools.ietf.org/html/rfc7231#section-6.5.1","title":"One or more validation errors occurred.","status":400,"traceId":"00-792d21e34c65df4d895a9a3ca671cdc4-082982f0775abf4f-00"}
2022-06-08 15:08:58,421 - main.api.ExecuteAPILead -DEBUG - Actual StatusCode ➨➨ 400
2022-06-08 15:08:58,421 - main.api.ExecuteAPILead -DEBUG - ❌ Fail ! 🙁...Expected ➨ [200] ≠≠ Actual ➨ [400]
2022-06-08 15:08:58,421 - main.api.ExecuteAPILead -DEBUG - Actual Status_Info is ➨➨ HTTP/1.1 400 Bad Request
2022-06-08 15:08:58,422 - main.api.ExecuteAPILead -DEBUG - ❌ Fail ! 🙁...Expected ➨ [HTTP/1.1 200 OK] ≠≠ Actual ➨ [HTTP/1.1 400 Bad Request]
2022-06-08 15:09:00,505 - main.api.ExecuteAPILead -DEBUG - Execution Started...CREATE A NEW ENTITY_TYPE in GlobalAdmin
2022-06-08 15:09:00,507 - main.api.ExecuteAPILead -DEBUG - Base URL fetched Succeed i.e. https://lnmjapi.adappt.ai/
2022-06-08 15:09:00,615 - main.api.ExecuteAPILead -DEBUG - Username Given ➜➜ (LexisnexisAdmin@adappt.co.in)
2022-06-08 15:09:00,616 - main.api.ExecuteAPILead -DEBUG - Password Given ➜➜(LonestarAdmin@123)
2022-06-08 15:09:02,414 - main.api.ExecuteAPILead -DEBUG - ⏪ PRE_POST ⏩  Requested for: https://lnmjapi.adappt.ai/api/v1/Account/token
2022-06-08 15:09:02,415 - main.api.ExecuteAPILead -DEBUG - ✔️PASS ! 🙂...Expected ➨ [200] == Actual ➨ [200]
2022-06-08 15:09:02,416 - main.api.ExecuteAPILead -DEBUG - ✔️PASS ! 🙂...Expected ➨ [HTTP/1.1 200 OK] == Actual ➨ [HTTP/1.1 200 OK]
2022-06-08 15:09:02,417 - main.api.ExecuteAPILead -DEBUG - ✔️PASS ! 🙂...BEARER TOKEN Generated Succeed 
2022-06-08 15:09:02,528 - main.api.ExecuteAPILead -DEBUG - RegionName Given i.e. (API)15.09.02
2022-06-08 15:09:02,529 - main.api.ExecuteAPILead -DEBUG - Prefix Given i.e. Lw02
2022-06-08 15:09:02,529 - main.api.ExecuteAPILead -DEBUG - Description Given i.e. Test_Description
2022-06-08 15:09:02,530 - main.api.ExecuteAPILead -DEBUG - DataCentre Given i.e. Test_DataCentre
2022-06-08 15:09:02,530 - main.api.ExecuteAPILead -DEBUG - Hosting Given i.e. Test_Hosting
2022-06-08 15:09:04,501 - main.api.ExecuteAPILead -DEBUG - ⏪ POST ⏩ Requested for https://lnmjapi.adappt.ai/api/v1/Region
2022-06-08 15:09:04,502 - main.api.ExecuteAPILead -DEBUG - Actual JsonBody Result is ➨➨ "dab454ec-8f0f-4f74-97db-76c9d975d0a5"
2022-06-08 15:09:04,502 - main.api.ExecuteAPILead -DEBUG - Actual StatusCode ➨➨ 200
2022-06-08 15:09:04,502 - main.api.ExecuteAPILead -DEBUG - ✔️PASS ! 🙂...Expected ➨ [200] == Actual ➨ [200]
2022-06-08 15:09:04,502 - main.api.ExecuteAPILead -DEBUG - Actual Status_Info is ➨➨ HTTP/1.1 200 OK
2022-06-08 15:09:04,503 - main.api.ExecuteAPILead -DEBUG - ✔️PASS ! 🙂...Expected ➨ [HTTP/1.1 200 OK] == Actual ➨ [HTTP/1.1 200 OK]
2022-06-08 15:09:04,503 - main.api.ExecuteAPILead -DEBUG - ➜ Region ID ➞➞ dab454ec-8f0f-4f74-97db-76c9d975d0a5
2022-06-08 15:09:04,503 - main.api.ExecuteAPILead -DEBUG - ------------------------✔️👍  Region Created Successfully in GlobalAdmin
2022-06-08 15:09:04,605 - main.api.ExecuteAPILead -DEBUG - Username Given ➜➜ (LexisnexisAdmin@adappt.co.in)
2022-06-08 15:09:04,606 - main.api.ExecuteAPILead -DEBUG - Password Given ➜➜(LonestarAdmin@123)
2022-06-08 15:09:06,841 - main.api.ExecuteAPILead -DEBUG - ⏪ PRE_POST ⏩  Requested for: https://lnmjapi.adappt.ai/api/v1/Account/token
2022-06-08 15:09:06,842 - main.api.ExecuteAPILead -DEBUG - ✔️PASS ! 🙂...Expected ➨ [200] == Actual ➨ [200]
2022-06-08 15:09:06,842 - main.api.ExecuteAPILead -DEBUG - ✔️PASS ! 🙂...Expected ➨ [HTTP/1.1 200 OK] == Actual ➨ [HTTP/1.1 200 OK]
2022-06-08 15:09:06,843 - main.api.ExecuteAPILead -DEBUG - ✔️PASS ! 🙂...BEARER TOKEN Generated Succeed 
2022-06-08 15:09:06,955 - main.api.ExecuteAPILead -DEBUG - Name Given i.e. (JuAPI)15.09.06
2022-06-08 15:09:06,955 - main.api.ExecuteAPILead -DEBUG - RegionID Given i.e. dab454ec-8f0f-4f74-97db-76c9d975d0a5
2022-06-08 15:09:06,957 - main.api.ExecuteAPILead -DEBUG - Prefix Given i.e. Lw06
2022-06-08 15:09:08,762 - main.api.ExecuteAPILead -DEBUG - ⏪ POST ⏩ Requested for https://lnmjapi.adappt.ai/api/v1/Jurisdiction
2022-06-08 15:09:08,764 - main.api.ExecuteAPILead -DEBUG - Actual JsonBody Result is ➨➨ "5bd2ffa0-8c46-45e2-bd0c-c1bfd130ab30"
2022-06-08 15:09:08,764 - main.api.ExecuteAPILead -DEBUG - ➜ Jurisdiction ID ➞➞ 5bd2ffa0-8c46-45e2-bd0c-c1bfd130ab30
2022-06-08 15:09:08,765 - main.api.ExecuteAPILead -DEBUG - Actual StatusCode ➨➨ 200
2022-06-08 15:09:08,765 - main.api.ExecuteAPILead -DEBUG - ✔️PASS ! 🙂...Expected ➨ [200] == Actual ➨ [200]
2022-06-08 15:09:08,766 - main.api.ExecuteAPILead -DEBUG - Actual Status_Info is ➨➨ HTTP/1.1 200 OK
2022-06-08 15:09:08,766 - main.api.ExecuteAPILead -DEBUG - ✔️PASS ! 🙂...Expected ➨ [HTTP/1.1 200 OK] == Actual ➨ [HTTP/1.1 200 OK]
2022-06-08 15:09:08,767 - main.api.ExecuteAPILead -DEBUG - ------------------------✔️👍 Jurisdiction Created Successfully in GlobalAdmin
2022-06-08 15:09:08,880 - main.api.ExecuteAPILead -DEBUG - Username Given ➜➜ (LexisnexisAdmin@adappt.co.in)
2022-06-08 15:09:08,881 - main.api.ExecuteAPILead -DEBUG - Password Given ➜➜(LonestarAdmin@123)
2022-06-08 15:09:10,637 - main.api.ExecuteAPILead -DEBUG - ⏪ PRE_POST ⏩  Requested for: https://lnmjapi.adappt.ai/api/v1/Account/token
2022-06-08 15:09:10,638 - main.api.ExecuteAPILead -DEBUG - ✔️PASS ! 🙂...Expected ➨ [200] == Actual ➨ [200]
2022-06-08 15:09:10,639 - main.api.ExecuteAPILead -DEBUG - ✔️PASS ! 🙂...Expected ➨ [HTTP/1.1 200 OK] == Actual ➨ [HTTP/1.1 200 OK]
2022-06-08 15:09:10,639 - main.api.ExecuteAPILead -DEBUG - ✔️PASS ! 🙂...BEARER TOKEN Generated Succeed 
2022-06-08 15:09:10,756 - main.api.ExecuteAPILead -DEBUG - EntityType Name Given i.e. (EntityAPI)15.09.06
2022-06-08 15:09:10,756 - main.api.ExecuteAPILead -DEBUG - Region ID Given i.e. dab454ec-8f0f-4f74-97db-76c9d975d0a5
2022-06-08 15:09:12,560 - main.api.ExecuteAPILead -DEBUG - ⏪ POST ⏩ Requested for https://lnmjapi.adappt.ai/api/v1/EntityType
2022-06-08 15:09:12,562 - main.api.ExecuteAPILead -DEBUG - Actual JsonBody Result is ➨➨ "219e01b5-4adf-4a2a-880a-27a63fa0684f"
2022-06-08 15:09:12,563 - main.api.ExecuteAPILead -DEBUG - Actual StatusCode ➨➨ 200
2022-06-08 15:09:12,563 - main.api.ExecuteAPILead -DEBUG - ✔️PASS ! 🙂...Expected ➨ [200] == Actual ➨ [200]
2022-06-08 15:09:12,564 - main.api.ExecuteAPILead -DEBUG - Actual Status_Info is ➨➨ HTTP/1.1 200 OK
2022-06-08 15:09:12,564 - main.api.ExecuteAPILead -DEBUG - ✔️PASS ! 🙂...Expected ➨ [HTTP/1.1 200 OK] == Actual ➨ [HTTP/1.1 200 OK]
2022-06-08 15:09:12,565 - main.api.ExecuteAPILead -DEBUG - ------------------------✔️👍 EntityType is Created Successfully in GlobalAdmin
2022-06-08 15:09:14,977 - main.api.ExecuteAPILead -DEBUG - Execution Started...VIEW ALL ENTITY_TYPE includes CreateEntity in GlobalAdmin
2022-06-08 15:09:14,979 - main.api.ExecuteAPILead -DEBUG - Base URL fetched Succeed i.e. https://lnmjapi.adappt.ai/
2022-06-08 15:09:15,086 - main.api.ExecuteAPILead -DEBUG - Username Given ➜➜ (LexisnexisAdmin@adappt.co.in)
2022-06-08 15:09:15,087 - main.api.ExecuteAPILead -DEBUG - Password Given ➜➜(LonestarAdmin@123)
2022-06-08 15:09:16,851 - main.api.ExecuteAPILead -DEBUG - ⏪ PRE_POST ⏩  Requested for: https://lnmjapi.adappt.ai/api/v1/Account/token
2022-06-08 15:09:16,852 - main.api.ExecuteAPILead -DEBUG - ✔️PASS ! 🙂...Expected ➨ [200] == Actual ➨ [200]
2022-06-08 15:09:16,852 - main.api.ExecuteAPILead -DEBUG - ✔️PASS ! 🙂...Expected ➨ [HTTP/1.1 200 OK] == Actual ➨ [HTTP/1.1 200 OK]
2022-06-08 15:09:16,853 - main.api.ExecuteAPILead -DEBUG - ✔️PASS ! 🙂...BEARER TOKEN Generated Succeed 
2022-06-08 15:09:18,390 - main.api.ExecuteAPILead -DEBUG - ⏪ GET_ALL ⏩ Requested for https://lnmjapi.adappt.ai/api/v1/EntityType
2022-06-08 15:09:18,694 - main.api.ExecuteAPILead -DEBUG - Actual JsonBody Result is ➨➨ [{"Id":"a8eb9aa0-edb9-4a91-ad71-03fde79f2b93","Key":"legislation-keyword","Name":"Legislation Keyword","SubTypesCnt":1,"RegionId":null,"RegionName":null,"Prefix":null},{"Id":"cd437ba2-c35b-4827-96fa-07140a8349aa","Key":"units-single","Name":"Units Single","SubTypesCnt":1,"RegionId":null,"RegionName":null,"Prefix":null},{"Id":"10e1c830-2d25-4335-91b6-07a171e76b21","Key":"definition-rule-12-prefix","Name":"Definition rule 12 Prefix","SubTypesCnt":1,"RegionId":null,"RegionName":null,"Prefix":null},{"Id":"701efb57-6fbb-4954-bec5-0905f141d48e","Key":"close-round-bracket","Name":"Close Round Bracket","SubTypesCnt":1,"RegionId":null,"RegionName":null,"Prefix":null},{"Id":"97f83906-b7ec-4f7a-841d-0961b322ccbf","Key":"locations","Name":"Locations","SubTypesCnt":1,"RegionId":null,"RegionName":null,"Prefix":null},{"Id":"f36fd0c3-4c1a-48b0-a300-0c9cd1e8cc33","Key":"abbrevation-prefix-part","Name":"Abbrevation Prefix Part","SubTypesCnt":1,"RegionId":null,"RegionName":null,"Prefix":null},{"Id":"ce89a90b-3100-4a9b-b88d-0cf25a218f32","Key":"towns","Name":"Towns","SubTypesCnt":1,"RegionId":null,"RegionName":null,"Prefix":null},{"Id":"f128cd54-8a53-4b0e-bf97-0f9ba90ddb2e","Key":"newly-created","Name":"Newly created","SubTypesCnt":1,"RegionId":null,"RegionName":null,"Prefix":null},{"Id":"2c9cf686-e625-42c9-aa2e-1445b253a61e","Key":"and","Name":"And","SubTypesCnt":1,"RegionId":null,"RegionName":null,"Prefix":null},{"Id":"ec1d71eb-c02b-4603-b642-15d86a28bae7","Key":"legislation-citation","Name":"Legislation Citation","SubTypesCnt":1,"RegionId":null,"RegionName":null,"Prefix":null},{"Id":"d25c88bc-28e5-497c-98c8-1929626b9803","Key":"government","Name":"Government","SubTypesCnt":1,"RegionId":null,"RegionName":null,"Prefix":null},{"Id":"17b64011-747f-4db8-acd7-1ccbed56f408","Key":"case-keyword-exparte","Name":"Case Keyword Exparte","SubTypesCnt":1,"RegionId":null,"RegionName":null,"Prefix":null},{"Id":"98bdd91b-5996-478e-acc7-1d18d54037a0","Key":"cultures","Name":"Cultures","SubTypesCnt":1,"RegionId":null,"RegionName":null,"Prefix":null},{"Id":"047b2177-b6b0-4706-a815-22df28f171ee","Key":"back-slash","Name":"Back Slash","SubTypesCnt":1,"RegionId":null,"RegionName":null,"Prefix":null},{"Id":"c7179ac0-c1e2-48a2-869b-258b68c8eb58","Key":"close-curly-bracket","Name":"Close Curly Bracket","SubTypesCnt":1,"RegionId":null,"RegionName":null,"Prefix":null},{"Id":"b0757088-9836-40ba-b085-26e2acfa849f","Key":"sign-part","Name":"Sign-Part","SubTypesCnt":1,"RegionId":null,"RegionName":null,"Prefix":null},{"Id":"219e01b5-4adf-4a2a-880a-27a63fa0684f","Key":"(entityapi)15.09.06","Name":"(EntityAPI)15.09.06","SubTypesCnt":0,"RegionId":"dab454ec-8f0f-4f74-97db-76c9d975d0a5","RegionName":"(API)15.09.02","Prefix":"Lw02"},{"Id":"ac9b1145-a6ae-4205-8349-29259f4fdf78","Key":"uk-rule-or-guidance-keyword","Name":"Uk Rule Or Guidance Keyword","SubTypesCnt":1,"RegionId":null,"RegionName":null,"Prefix":null},{"Id":"fde44106-50dc-4538-9af3-29b5b231905a","Key":"surnames","Name":"Surnames","SubTypesCnt":1,"RegionId":null,"RegionName":null,"Prefix":null},{"Id":"13673062-47d4-423b-8cf8-29be99c24e35","Key":"crown-party-name","Name":"Crown Party Name","SubTypesCnt":1,"RegionId":null,"RegionName":null,"Prefix":null},{"Id":"2bf0c8e8-07ef-49f1-ad17-2a4642ee6ff1","Key":"uk-transitional-provisions","Name":"Uk Transitional Provisions","SubTypesCnt":1,"RegionId":null,"RegionName":null,"Prefix":null},{"Id":"9f6ebf35-08dd-47c0-9364-2ade87e758e2","Key":"date-period","Name":"Date Period","SubTypesCnt":1,"RegionId":null,"RegionName":null,"Prefix":null},{"Id":"b879d922-740e-47fa-8c68-2ba0dc2b6e2e","Key":"floor","Name":"Floor","SubTypesCnt":1,"RegionId":null,"RegionName":null,"Prefix":null},{"Id":"840ac6a2-478c-4519-a04c-2df40d435f56","Key":"number-prefix","Name":"Number Prefix","SubTypesCnt":1,"RegionId":null,"RegionName":null,"Prefix":null},{"Id":"9afb7525-ef1c-427e-a445-32142c0cde06","Key":"open-curly-bracket","Name":"Open Curly Bracket","SubTypesCnt":1,"RegionId":null,"RegionName":null,"Prefix":null},{"Id":"4c1a71aa-8448-4fd5-9bda-35e2874311cc","Key":"question-mark","Name":"Question Mark","SubTypesCnt":1,"RegionId":null,"RegionName":null,"Prefix":null},{"Id":"f73c4cc2-3327-4d21-af31-38e8cd108bfa","Key":"british-spelling","Name":"British Spelling","SubTypesCnt":1,"RegionId":null,"RegionName":null,"Prefix":null},{"Id":"e52f8d05-73f6-4947-977e-3abd618a62d4","Key":"bullets","Name":"Bullets","SubTypesCnt":1,"RegionId":null,"RegionName":null,"Prefix":null},{"Id":"2447801c-9bb8-4aa2-9053-3acf35934795","Key":"dash","Name":"Dash","SubTypesCnt":1,"RegionId":null,"RegionName":null,"Prefix":null},{"Id":"d21567d6-9f1d-401b-9379-3cf55cf3a6fe","Key":"definition-rule-7-14-suffix","Name":"Definition Rule 7 14 Suffix","SubTypesCnt":1,"RegionId":null,"RegionName":null,"Prefix":null},{"Id":"df09807e-72df-4db0-96b1-415cf547d40f","Key":"style-ordinal-number","Name":"Style Ordinal Number","SubTypesCnt":1,"RegionId":null,"RegionName":null,"Prefix":null},{"Id":"16ca2f13-de51-496d-9447-420530e95267","Key":"definition-rule-6-prefix","Name":"Definition Rule 6 Prefix","SubTypesCnt":1,"RegionId":null,"RegionName":null,"Prefix":null},{"Id":"eaf9f033-49e6-4ac1-9a6c-43aef8bfb57a","Key":"reference-prefix","Name":"Reference Prefix","SubTypesCnt":1,"RegionId":null,"RegionName":null,"Prefix":null},{"Id":"ace8d56e-a6b7-43c8-9cca-45de6170d295","Key":"periodical-date","Name":"Periodical Date","SubTypesCnt":1,"RegionId":null,"RegionName":null,"Prefix":null},{"Id":"1dd2c9b7-9b70-4ede-935f-47aa2d5f96f7","Key":"case-keyword-regarding","Name":"Case Keyword Regarding","SubTypesCnt":1,"RegionId":null,"RegionName":null,"Prefix":null},{"Id":"ff1bcd11-8cd8-494f-807c-47de434e5238","Key":"european-institution","Name":"European Institution","SubTypesCnt":1,"RegionId":null,"RegionName":null,"Prefix":null},{"Id":"e0b95ef4-7965-4a99-8cc5-4e8ad1823494","Key":"external-document","Name":"External Document","SubTypesCnt":1,"RegionId":null,"RegionName":null,"Prefix":null},{"Id":"a357b831-43fc-45b0-9126-4ed578be8583","Key":"floors","Name":"Floors","SubTypesCnt":1,"RegionId":null,"RegionName":null,"Prefix":null},{"Id":"ddecbf75-3e83-4b86-a196-524317b2f493","Key":"location-prefixes","Name":"Location Prefixes","SubTypesCnt":1,"RegionId":null,"RegionName":null,"Prefix":null},{"Id":"2ff3b6da-4a58-4970-8420-54325d616f37","Key":"holidays","Name":"Holidays","SubTypesCnt":1,"RegionId":null,"RegionName":null,"Prefix":null},{"Id":"b93625b0-a882-42a4-8e5c-568addd41055","Key":"ignore-words-for-definitions","Name":"Ignore words for definitions","SubTypesCnt":1,"RegionId":null,"RegionName":null,"Prefix":null},{"Id":"8242f141-17ac-40a7-876c-574204da3ef3","Key":"counties","Name":"Counties","SubTypesCnt":1,"RegionId":null,"RegionName":null,"Prefix":null},{"Id":"bc9d7fea-3edb-4921-9a1a-58e5e5874db0","Key":"telephone-international-area-trunk","Name":"Telephone International Area Trunk","SubTypesCnt":1,"RegionId":null,"RegionName":null,"Prefix":null},{"Id":"7a503c0c-9de4-4c40-8def-593b6564facb","Key":"comma","Name":"Comma","SubTypesCnt":1,"RegionId":null,"RegionName":null,"Prefix":null},{"Id":"67215ac1-3f18-418b-b16d-5e4bd1b2b63a","Key":"time","Name":"Time","SubTypesCnt":1,"RegionId":null,"RegionName":null,"Prefix":null},{"Id":"b8d1c896-c310-40b1-8917-5f80e31abfab","Key":"american-spelling","Name":"American Spelling","SubTypesCnt":1,"RegionId":null,"RegionName":null,"Prefix":null},{"Id":"ab01dd64-1bae-4fdf-a9d2-6285769ddf53","Key":"(entityapi)15.08.44","Name":"(EntityAPI)15.08.44","SubTypesCnt":0,"RegionId":"0465b844-3e67-4d57-9d6a-07bdd70f9a08","RegionName":"(API)15.08.39","Prefix":"Lw39"},{"Id":"9ddd6d05-2ce5-462d-bd0d-62d45f9e8837","Key":"open-round-bracket","Name":"Open Round Bracket","SubTypesCnt":1,"RegionId":null,"RegionName":null,"Prefix":null},{"Id":"33e06087-d7d1-47a0-9b16-65674bc688c0","Key":"colon","Name":"Colon","SubTypesCnt":1,"RegionId":null,"RegionName":null,"Prefix":null},{"Id":"92a37483-07ca-4909-a5ae-6594e0a7e5a9","Key":"meridiem","Name":"Meridiem","SubTypesCnt":1,"RegionId":null,"RegionName":null,"Prefix":null},{"Id":"640ef449-19ff-430e-bd8a-65e9699313a8","Key":"uk-cprpd-para","Name":"Uk Cprpd Para","SubTypesCnt":1,"RegionId":null,"RegionName":null,"Prefix":null},{"Id":"3b7b2d73-eaab-4fa1-8359-69e29411675b","Key":"possessive","Name":"Possessive","SubTypesCnt":1,"RegionId":null,"RegionName":null,"Prefix":null},{"Id":"c5d4b638-bf51-476b-851e-6c032ef600dd","Key":"uk-cpr-abbrev","Name":"Uk Cpr Abbrev","SubTypesCnt":1,"RegionId":null,"RegionName":null,"Prefix":null},{"Id":"fc39f188-6cb6-415b-8b50-6c5dfa2c7882","Key":"ampersand","Name":"Ampersand","SubTypesCnt":1,"RegionId":null,"RegionName":null,"Prefix":null},{"Id":"06b8efc4-0b86-444a-8d02-6f1617f168f8","Key":"the","Name":"The","SubTypesCnt":1,"RegionId":null,"RegionName":null,"Prefix":null},{"Id":"c535204e-0197-4fa5-82c8-731d2bb92d57","Key":"incorporated-ambiguos","Name":"Incorporated Ambiguos","SubTypesCnt":1,"RegionId":null,"RegionName":null,"Prefix":null},{"Id":"9be6b055-4bc3-455d-ad96-739efbf2cabb","Key":"exclamation-mark","Name":"Exclamation Mark","SubTypesCnt":1,"RegionId":null,"RegionName":null,"Prefix":null},{"Id":"ec82812f-3cab-470c-9aa4-73ffc0a65fdb","Key":"single-quote","Name":"Single Quote","SubTypesCnt":1,"RegionId":null,"RegionName":null,"Prefix":null},{"Id":"42dc8b09-3006-48c4-a848-740041d69d62","Key":"exponents","Name":"Exponents","SubTypesCnt":1,"RegionId":null,"RegionName":null,"Prefix":null},{"Id":"ee056e6a-0922-4102-9687-74b5d9697ced","Key":"units","Name":"Units","SubTypesCnt":1,"RegionId":null,"RegionName":null,"Prefix":null},{"Id":"89856c84-5138-43e1-98a5-74f6c2b84013","Key":"uk-tribunal-keyword","Name":"Uk Tribunal Keyword","SubTypesCnt":1,"RegionId":null,"RegionName":null,"Prefix":null},{"Id":"1c312e0f-84d1-4dd4-a2b3-750c60ca9352","Key":"location-directions","Name":"Location Directions","SubTypesCnt":1,"RegionId":null,"RegionName":null,"Prefix":null},{"Id":"f0cb0ac6-d7d0-463e-a0ef-7587f57888b6","Key":"under-score","Name":"Under Score","SubTypesCnt":1,"RegionId":null,"RegionName":null,"Prefix":null},{"Id":"a5e3eaf2-1478-46b6-a52b-75f3dce19919","Key":"definition-conjunction","Name":"Definition Conjunction","SubTypesCnt":1,"RegionId":null,"RegionName":null,"Prefix":null},{"Id":"51ef4f7e-58bf-45ad-83e7-7c33131fb07b","Key":"uk-high-court-division","Name":"Uk High Court Division","SubTypesCnt":1,"RegionId":null,"RegionName":null,"Prefix":null},{"Id":"3c429768-694c-403e-a7d5-7d4e65dffecc","Key":"hours","Name":"Hours","SubTypesCnt":1,"RegionId":null,"RegionName":null,"Prefix":null},{"Id":"a40b9b90-0982-47e3-8996-7d9de1a2be6e","Key":"close-square-bracket","Name":"Close Square Bracket","SubTypesCnt":1,"RegionId":null,"RegionName":null,"Prefix":null},{"Id":"6e534456-215a-49a7-9cad-7da20a9d3237","Key":"provisions","Name":"Provisions","SubTypesCnt":1,"RegionId":null,"RegionName":null,"Prefix":null},{"Id":"043b8216-56ce-4f85-9bfa-800ac18fb55b","Key":"incorporated","Name":"Incorporated","SubTypesCnt":1,"RegionId":null,"RegionName":null,"Prefix":null},{"Id":"5bd55b0c-8471-4fd0-a511-81039a8a685b","Key":"style-decimal-enclosed-circle","Name":"Style Decimal Enclosed Circle","SubTypesCnt":1,"RegionId":null,"RegionName":null,"Prefix":null},{"Id":"736032f9-f6c2-42e9-a2f5-8143a87fd839","Key":"numeric-references","Name":"Numeric References","SubTypesCnt":1,"RegionId":null,"RegionName":null,"Prefix":null},{"Id":"24180be5-eae0-449a-b4bf-82aa5006b55f","Key":"trading-names","Name":"Trading Names","SubTypesCnt":1,"RegionId":null,"RegionName":null,"Prefix":null},{"Id":"e14c5dda-cb8b-49af-acce-871da704cec3","Key":"suffixes","Name":"Suffixes","SubTypesCnt":1,"RegionId":null,"RegionName":null,"Prefix":null},{"Id":"2a8d0ab6-1313-47cf-a132-8ae7fa2e0eec","Key":"open-angle-bracket","Name":"Open Angle Bracket","SubTypesCnt":1,"RegionId":null,"RegionName":null,"Prefix":null},{"Id":"898f1c68-3bd5-43ef-90e4-8bca6fcad686","Key":"uk-appendix-keyword","Name":"Uk Appendix Keyword","SubTypesCnt":1,"RegionId":null,"RegionName":null,"Prefix":null},{"Id":"d2ca6d92-4d8a-490a-9bc1-8e4085825cd2","Key":"of","Name":"Of","SubTypesCnt":1,"RegionId":null,"RegionName":null,"Prefix":null},{"Id":"a0626b9e-1ae3-41fc-b7f5-8f93a3cd6e50","Key":"reference-cluster-conjunction","Name":"Reference Cluster Conjunction","SubTypesCnt":1,"RegionId":null,"RegionName":null,"Prefix":null},{"Id":"6f7e974b-6030-4f81-9691-9598ce65d384","Key":"uk-official-law-report","Name":"Uk Official Law Report","SubTypesCnt":1,"RegionId":null,"RegionName":null,"Prefix":null},{"Id":"a26d93c7-7de8-4c3c-8e19-97e9b4682fa3","Key":"uk-case-summary","Name":"Uk Case Summary","SubTypesCnt":1,"RegionId":null,"RegionName":null,"Prefix":null},{"Id":"59d02264-b9e3-49c8-939e-98b2c4474c2f","Key":"ordinal-number","Name":"Ordinal Number","SubTypesCnt":1,"RegionId":null,"RegionName":null,"Prefix":null},{"Id":"7012d7f0-1c5e-4a75-a8c0-99c54c348803","Key":"honorifics","Name":"Honorifics","SubTypesCnt":1,"RegionId":null,"RegionName":null,"Prefix":null},{"Id":"107e0b7c-b524-4741-8b43-9cb4b87096af","Key":"table-headings","Name":"Table-Headings","SubTypesCnt":1,"RegionId":null,"RegionName":null,"Prefix":null},{"Id":"9d375ff2-e1c4-4a1e-b5d1-a12404b91097","Key":"incorporatedand","Name":"IncorporatedAnd","SubTypesCnt":1,"RegionId":null,"RegionName":null,"Prefix":null},{"Id":"02eddf35-ae31-4293-8dd5-a3c85af3e287","Key":"number-abbreviation","Name":"Number Abbreviation","SubTypesCnt":1,"RegionId":null,"RegionName":null,"Prefix":null},{"Id":"010c4866-4cf7-49c1-8afc-a6d57425fdb1","Key":"address-part","Name":"Address-Part","SubTypesCnt":1,"RegionId":null,"RegionName":null,"Prefix":null},{"Id":"392ca39d-e55f-47a9-8286-a7f8a9bdb779","Key":"determiner","Name":"Determiner","SubTypesCnt":1,"RegionId":null,"RegionName":null,"Prefix":null},{"Id":"a2166f37-5cf8-49d9-a9c0-b142212c3cf3","Key":"gendered-language","Name":"Gendered language","SubTypesCnt":1,"RegionId":null,"RegionName":null,"Prefix":null},{"Id":"b9acb003-17e1-4221-85ec-b27207374f7f","Key":"uk-month","Name":"Uk Month","SubTypesCnt":1,"RegionId":null,"RegionName":null,"Prefix":null},{"Id":"e8752ee5-332e-4658-bf4b-b425fb472e65","Key":"vat-number-prefix","Name":"vat-number-prefix","SubTypesCnt":1,"RegionId":null,"RegionName":null,"Prefix":null},{"Id":"06cb6de7-341c-403c-a40e-b569238a5cba","Key":"countries","Name":"Countries","SubTypesCnt":1,"RegionId":null,"RegionName":null,"Prefix":null},{"Id":"b0c25ae3-182a-45d1-a683-b8f82bc458ea","Key":"policies-standards","Name":"Policies Standards","SubTypesCnt":1,"RegionId":null,"RegionName":null,"Prefix":null},{"Id":"5ceee563-a8d6-4e1d-b6f6-b9874b6f7c6f","Key":"uk-lseaim-rule-keyword","Name":"Uk Lseaim Rule Keyword","SubTypesCnt":1,"RegionId":null,"RegionName":null,"Prefix":null},{"Id":"c738bd88-ba69-4758-ac6e-ba43ccc04e7a","Key":"saint","Name":"Saint","SubTypesCnt":1,"RegionId":null,"RegionName":null,"Prefix":null},{"Id":"ca8b9bb4-8c25-4f0b-b6d0-bfb37f74c18c","Key":"miscellaneous","Name":"Miscellaneous","SubTypesCnt":1,"RegionId":null,"RegionName":null,"Prefix":null},{"Id":"d2477e0b-89da-4a43-a76f-c04e6a6c9045","Key":"fraction","Name":"Fraction","SubTypesCnt":1,"RegionId":null,"RegionName":null,"Prefix":null},{"Id":"029915b2-6f57-454b-9b02-c1ae252d9737","Key":"case-keyword-against","Name":"Case Keyword Against","SubTypesCnt":1,"RegionId":null,"RegionName":null,"Prefix":null},{"Id":"5d573466-e2d7-4e1e-8084-c1c96f24af04","Key":"surname-prefixes","Name":"Surname Prefixes","SubTypesCnt":1,"RegionId":null,"RegionName":null,"Prefix":null},{"Id":"899d2bf3-205d-4f42-baf9-c220fda7b7c2","Key":"uk-annex-keyword","Name":"Uk Annex Keyword","SubTypesCnt":1,"RegionId":null,"RegionName":null,"Prefix":null},{"Id":"a862cd7f-aa1f-46b0-b6eb-c4a46f231a3e","Key":"forward-slash","Name":"Forward Slash","SubTypesCnt":1,"RegionId":null,"RegionName":null,"Prefix":null},{"Id":"d1e9d19c-ffda-47e8-b76a-c76876f980dd","Key":"open-square-bracket","Name":"Open Square Bracket","SubTypesCnt":1,"RegionId":null,"RegionName":null,"Prefix":null},{"Id":"7f8025f1-c26d-4912-a3ca-c7cb3096fb26","Key":"if","Name":"If","SubTypesCnt":1,"RegionId":null,"RegionName":null,"Prefix":null},{"Id":"c3a585fe-4644-4778-bb3b-c89f99532ff5","Key":"payroll-number-prefix","Name":"Payroll Number Prefix","SubTypesCnt":1,"RegionId":null,"RegionName":null,"Prefix":null},{"Id":"6b8ea2b7-fef3-4fb5-815b-cd687ff10e7c","Key":"number-abbreviation-with-prefilters","Name":"Number Abbreviation With Prefilters","SubTypesCnt":1,"RegionId":null,"RegionName":null,"Prefix":null},{"Id":"d3512c0a-5982-4d83-ad13-cd9f012207eb","Key":"timezone","Name":"Timezone","SubTypesCnt":1,"RegionId":null,"RegionName":null,"Prefix":null},{"Id":"bab351ce-f2c3-48bb-8177-cdc7750ede1b","Key":"post-code","Name":"Post Code","SubTypesCnt":1,"RegionId":null,"RegionName":null,"Prefix":null},{"Id":"bc4ba68e-6e03-4918-9548-ce3cb4744dd4","Key":"first-names","Name":"First Names","SubTypesCnt":1,"RegionId":null,"RegionName":null,"Prefix":null},{"Id":"7cc7419d-c97c-491b-88ac-cef03f3a6e02","Key":"our","Name":"Our","SubTypesCnt":1,"RegionId":null,"RegionName":null,"Prefix":null},{"Id":"56703251-b71a-4ac3-81d3-cfc7e90be4ea","Key":"company-suffix","Name":"Company-Suffix","SubTypesCnt":1,"RegionId":null,"RegionName":null,"Prefix":null},{"Id":"6895f6fc-c82d-43c8-96bc-cfd4cfd1390c","Key":"land-registry","Name":"Land Registry","SubTypesCnt":1,"RegionId":null,"RegionName":null,"Prefix":null},{"Id":"9c272781-024f-4276-820d-d0306dae2e41","Key":"languages","Name":"Languages","SubTypesCnt":1,"RegionId":null,"RegionName":null,"Prefix":null},{"Id":"d1408bae-d871-412b-a2da-d6cd118f1089","Key":"common-company-names","Name":"Common Company Names","SubTypesCnt":1,"RegionId":null,"RegionName":null,"Prefix":null},{"Id":"e6fb1f5f-ab0e-4abd-ac17-dceb4f0f7c3a","Key":"sub-units-single","Name":"Sub Units Single","SubTypesCnt":1,"RegionId":null,"RegionName":null,"Prefix":null},{"Id":"b88cd5dd-b5be-4d63-ab65-dec5b4e9f0bc","Key":"definition-rule-8-suffix","Name":"Definition Rule 8 Suffix","SubTypesCnt":1,"RegionId":null,"RegionName":null,"Prefix":null},{"Id":"585d8650-85f8-477a-b94e-df7c9e8ce811","Key":"string","Name":"String","SubTypesCnt":1,"RegionId":null,"RegionName":null,"Prefix":null},{"Id":"48a250e9-bdfa-43bf-b05b-e207ffbcaa28","Key":"sub-units","Name":"Sub Units","SubTypesCnt":1,"RegionId":null,"RegionName":null,"Prefix":null},{"Id":"18c1fe49-4925-4fb4-9ed3-e2c15c4a326d","Key":"global-2000","Name":"Global 2000","SubTypesCnt":1,"RegionId":null,"RegionName":null,"Prefix":null},{"Id":"e6796a5a-51c4-44dc-b119-e4208e0adb88","Key":"month","Name":"Month","SubTypesCnt":1,"RegionId":null,"RegionName":null,"Prefix":null},{"Id":"8ae873bd-18e2-494e-8629-e585b385f087","Key":"ellipses","Name":"Ellipses","SubTypesCnt":1,"RegionId":null,"RegionName":null,"Prefix":null},{"Id":"83f90e79-c8fb-4912-adce-e66e7495924c","Key":"location-keywords","Name":"Location Keywords","SubTypesCnt":1,"RegionId":null,"RegionName":null,"Prefix":null},{"Id":"18ef36fd-223b-4aca-926e-e780bb43a0a8","Key":"pronouns","Name":"Pronouns","SubTypesCnt":1,"RegionId":null,"RegionName":null,"Prefix":null},{"Id":"2273a934-8897-41ed-b746-e7fb5f949514","Key":"street-types","Name":"Street Types","SubTypesCnt":1,"RegionId":null,"RegionName":null,"Prefix":null},{"Id":"c1b08c59-ac86-44d0-a821-e93fb8e3ad25","Key":"double-quotes","Name":"Double Quotes","SubTypesCnt":1,"RegionId":null,"RegionName":null,"Prefix":null},{"Id":"f705e502-df2e-4350-ad67-ea1a7117dcca","Key":"as","Name":"as","SubTypesCnt":0,"RegionId":"9a039aba-8b5e-41a3-a344-0aed6b9d3a87","RegionName":"TestRegion30May2","Prefix":"COIM"},{"Id":"85a24970-f9a6-4b4b-91bd-eab1a40921ed","Key":"diamond-symbol","Name":"Diamond Symbol","SubTypesCnt":1,"RegionId":null,"RegionName":null,"Prefix":null},{"Id":"35cc3f9d-f8cf-40df-804c-ebf3862af3fb","Key":"other-references","Name":"Other References","SubTypesCnt":1,"RegionId":null,"RegionName":null,"Prefix":null},{"Id":"eb6fede5-61ba-4fa7-9138-ed3e5b7a6ce4","Key":"uk-schedule-keyword","Name":"Uk Schedule Keyword","SubTypesCnt":1,"RegionId":null,"RegionName":null,"Prefix":null},{"Id":"3e9251ee-dd82-46f1-a95d-ee6ef305752e","Key":"date-of-week","Name":"Date Of Week","SubTypesCnt":1,"RegionId":null,"RegionName":null,"Prefix":null},{"Id":"9a16b39f-8492-40eb-a80f-efd2de9b3f83","Key":"close-angle-bracket","Name":"Close Angle Bracket","SubTypesCnt":1,"RegionId":null,"RegionName":null,"Prefix":null},{"Id":"1e35728d-6553-499f-a173-f555776a8c9e","Key":"legislation-sections","Name":"legislation sections","SubTypesCnt":1,"RegionId":null,"RegionName":null,"Prefix":null},{"Id":"2e37739e-e1e9-4003-8e69-f5a99f771e79","Key":"full-stop","Name":"Full Stop","SubTypesCnt":1,"RegionId":null,"RegionName":null,"Prefix":null},{"Id":"43a1b7ae-e3b1-45ef-992b-f817b9ce8f06","Key":"definition-rule-5-prefix","Name":"Definition Rule 5 Prefix","SubTypesCnt":1,"RegionId":null,"RegionName":null,"Prefix":null},{"Id":"2baa7efb-6f2d-4642-8cfb-f84b337c7b34","Key":"currencies","Name":"Currencies","SubTypesCnt":1,"RegionId":null,"RegionName":null,"Prefix":null},{"Id":"b7b64279-61eb-40ae-92e7-ff414c254022","Key":"semi-colon","Name":"Semi Colon","SubTypesCnt":1,"RegionId":null,"RegionName":null,"Prefix":null},{"Id":"a9b75284-71af-4ea8-b6c4-ff4c492a2c3c","Key":"to","Name":"To","SubTypesCnt":1,"RegionId":null,"RegionName":null,"Prefix":null}]
2022-06-08 15:09:18,700 - main.api.ExecuteAPILead -DEBUG - Actual StatusCode ➨➨ 200
2022-06-08 15:09:18,700 - main.api.ExecuteAPILead -DEBUG - ✔️PASS ! 🙂...Expected ➨ [200] == Actual ➨ [200]
2022-06-08 15:09:18,701 - main.api.ExecuteAPILead -DEBUG - Actual Status_Info is ➨➨ HTTP/1.1 200 OK
2022-06-08 15:09:18,702 - main.api.ExecuteAPILead -DEBUG - ✔️PASS ! 🙂...Expected ➨ [HTTP/1.1 200 OK] == Actual ➨ [HTTP/1.1 200 OK]
2022-06-08 15:09:18,727 - main.api.ExecuteAPILead -DEBUG - ------------------------✔️👍 EntityType is Viewed Successfully in GlobalAdmin
2022-06-08 15:09:20,782 - main.api.ExecuteAPILead -DEBUG - Execution Started...DELETE THE ENTITY_TYPE in GlobalAdmin
2022-06-08 15:09:20,783 - main.api.ExecuteAPILead -DEBUG - Base URL fetched Succeed i.e. https://lnmjapi.adappt.ai/
2022-06-08 15:09:20,893 - main.api.ExecuteAPILead -DEBUG - Username Given ➜➜ (LexisnexisAdmin@adappt.co.in)
2022-06-08 15:09:20,893 - main.api.ExecuteAPILead -DEBUG - Password Given ➜➜(LonestarAdmin@123)
2022-06-08 15:09:22,587 - main.api.ExecuteAPILead -DEBUG - ⏪ PRE_POST ⏩  Requested for: https://lnmjapi.adappt.ai/api/v1/Account/token
2022-06-08 15:09:22,588 - main.api.ExecuteAPILead -DEBUG - ✔️PASS ! 🙂...Expected ➨ [200] == Actual ➨ [200]
2022-06-08 15:09:22,588 - main.api.ExecuteAPILead -DEBUG - ✔️PASS ! 🙂...Expected ➨ [HTTP/1.1 200 OK] == Actual ➨ [HTTP/1.1 200 OK]
2022-06-08 15:09:22,589 - main.api.ExecuteAPILead -DEBUG - ✔️PASS ! 🙂...BEARER TOKEN Generated Succeed 
2022-06-08 15:09:22,702 - main.api.ExecuteAPILead -DEBUG - RegionName Given i.e. (API)15.09.22
2022-06-08 15:09:22,703 - main.api.ExecuteAPILead -DEBUG - Prefix Given i.e. Lw22
2022-06-08 15:09:22,703 - main.api.ExecuteAPILead -DEBUG - Description Given i.e. Test_Description
2022-06-08 15:09:22,703 - main.api.ExecuteAPILead -DEBUG - DataCentre Given i.e. Test_DataCentre
2022-06-08 15:09:22,704 - main.api.ExecuteAPILead -DEBUG - Hosting Given i.e. Test_Hosting
2022-06-08 15:09:24,439 - main.api.ExecuteAPILead -DEBUG - ⏪ POST ⏩ Requested for https://lnmjapi.adappt.ai/api/v1/Region
2022-06-08 15:09:24,441 - main.api.ExecuteAPILead -DEBUG - Actual JsonBody Result is ➨➨ "848f4924-8901-4a0f-bd0d-47dcd0783d34"
2022-06-08 15:09:24,441 - main.api.ExecuteAPILead -DEBUG - Actual StatusCode ➨➨ 200
2022-06-08 15:09:24,441 - main.api.ExecuteAPILead -DEBUG - ✔️PASS ! 🙂...Expected ➨ [200] == Actual ➨ [200]
2022-06-08 15:09:24,442 - main.api.ExecuteAPILead -DEBUG - Actual Status_Info is ➨➨ HTTP/1.1 200 OK
2022-06-08 15:09:24,442 - main.api.ExecuteAPILead -DEBUG - ✔️PASS ! 🙂...Expected ➨ [HTTP/1.1 200 OK] == Actual ➨ [HTTP/1.1 200 OK]
2022-06-08 15:09:24,443 - main.api.ExecuteAPILead -DEBUG - ➜ Region ID ➞➞ 848f4924-8901-4a0f-bd0d-47dcd0783d34
2022-06-08 15:09:24,444 - main.api.ExecuteAPILead -DEBUG - ------------------------✔️👍  Region Created Successfully in GlobalAdmin
2022-06-08 15:09:24,559 - main.api.ExecuteAPILead -DEBUG - Username Given ➜➜ (LexisnexisAdmin@adappt.co.in)
2022-06-08 15:09:24,560 - main.api.ExecuteAPILead -DEBUG - Password Given ➜➜(LonestarAdmin@123)
2022-06-08 15:09:26,170 - main.api.ExecuteAPILead -DEBUG - ⏪ PRE_POST ⏩  Requested for: https://lnmjapi.adappt.ai/api/v1/Account/token
2022-06-08 15:09:26,170 - main.api.ExecuteAPILead -DEBUG - ✔️PASS ! 🙂...Expected ➨ [200] == Actual ➨ [200]
2022-06-08 15:09:26,171 - main.api.ExecuteAPILead -DEBUG - ✔️PASS ! 🙂...Expected ➨ [HTTP/1.1 200 OK] == Actual ➨ [HTTP/1.1 200 OK]
2022-06-08 15:09:26,172 - main.api.ExecuteAPILead -DEBUG - ✔️PASS ! 🙂...BEARER TOKEN Generated Succeed 
2022-06-08 15:09:26,283 - main.api.ExecuteAPILead -DEBUG - Name Given i.e. (JuAPI)15.09.26
2022-06-08 15:09:26,283 - main.api.ExecuteAPILead -DEBUG - RegionID Given i.e. 848f4924-8901-4a0f-bd0d-47dcd0783d34
2022-06-08 15:09:26,284 - main.api.ExecuteAPILead -DEBUG - Prefix Given i.e. Lw26
2022-06-08 15:09:28,116 - main.api.ExecuteAPILead -DEBUG - ⏪ POST ⏩ Requested for https://lnmjapi.adappt.ai/api/v1/Jurisdiction
2022-06-08 15:09:28,117 - main.api.ExecuteAPILead -DEBUG - Actual JsonBody Result is ➨➨ "f17ec5bb-7f37-4645-ba46-e1a8a3151cb3"
2022-06-08 15:09:28,117 - main.api.ExecuteAPILead -DEBUG - ➜ Jurisdiction ID ➞➞ f17ec5bb-7f37-4645-ba46-e1a8a3151cb3
2022-06-08 15:09:28,118 - main.api.ExecuteAPILead -DEBUG - Actual StatusCode ➨➨ 200
2022-06-08 15:09:28,118 - main.api.ExecuteAPILead -DEBUG - ✔️PASS ! 🙂...Expected ➨ [200] == Actual ➨ [200]
2022-06-08 15:09:28,118 - main.api.ExecuteAPILead -DEBUG - Actual Status_Info is ➨➨ HTTP/1.1 200 OK
2022-06-08 15:09:28,118 - main.api.ExecuteAPILead -DEBUG - ✔️PASS ! 🙂...Expected ➨ [HTTP/1.1 200 OK] == Actual ➨ [HTTP/1.1 200 OK]
2022-06-08 15:09:28,119 - main.api.ExecuteAPILead -DEBUG - ------------------------✔️👍 Jurisdiction Created Successfully in GlobalAdmin
2022-06-08 15:09:28,229 - main.api.ExecuteAPILead -DEBUG - Username Given ➜➜ (LexisnexisAdmin@adappt.co.in)
2022-06-08 15:09:28,229 - main.api.ExecuteAPILead -DEBUG - Password Given ➜➜(LonestarAdmin@123)
2022-06-08 15:09:30,059 - main.api.ExecuteAPILead -DEBUG - ⏪ PRE_POST ⏩  Requested for: https://lnmjapi.adappt.ai/api/v1/Account/token
2022-06-08 15:09:30,059 - main.api.ExecuteAPILead -DEBUG - ✔️PASS ! 🙂...Expected ➨ [200] == Actual ➨ [200]
2022-06-08 15:09:30,059 - main.api.ExecuteAPILead -DEBUG - ✔️PASS ! 🙂...Expected ➨ [HTTP/1.1 200 OK] == Actual ➨ [HTTP/1.1 200 OK]
2022-06-08 15:09:30,060 - main.api.ExecuteAPILead -DEBUG - ✔️PASS ! 🙂...BEARER TOKEN Generated Succeed 
2022-06-08 15:09:30,162 - main.api.ExecuteAPILead -DEBUG - EntityType Name Given i.e. (EntityAPI)15.09.26
2022-06-08 15:09:30,163 - main.api.ExecuteAPILead -DEBUG - Region ID Given i.e. 848f4924-8901-4a0f-bd0d-47dcd0783d34
2022-06-08 15:09:31,744 - main.api.ExecuteAPILead -DEBUG - ⏪ POST ⏩ Requested for https://lnmjapi.adappt.ai/api/v1/EntityType
2022-06-08 15:09:31,745 - main.api.ExecuteAPILead -DEBUG - Actual JsonBody Result is ➨➨ "7ef6624f-f41a-44eb-87f8-8f4ef3c8b89b"
2022-06-08 15:09:31,746 - main.api.ExecuteAPILead -DEBUG - Actual StatusCode ➨➨ 200
2022-06-08 15:09:31,746 - main.api.ExecuteAPILead -DEBUG - ✔️PASS ! 🙂...Expected ➨ [200] == Actual ➨ [200]
2022-06-08 15:09:31,746 - main.api.ExecuteAPILead -DEBUG - Actual Status_Info is ➨➨ HTTP/1.1 200 OK
2022-06-08 15:09:31,746 - main.api.ExecuteAPILead -DEBUG - ✔️PASS ! 🙂...Expected ➨ [HTTP/1.1 200 OK] == Actual ➨ [HTTP/1.1 200 OK]
2022-06-08 15:09:31,747 - main.api.ExecuteAPILead -DEBUG - ➜ EntityType ID ➞➞ 7ef6624f-f41a-44eb-87f8-8f4ef3c8b89b
2022-06-08 15:09:31,747 - main.api.ExecuteAPILead -DEBUG - ------------------------✔️👍 EntityType is Created Successfully in GlobalAdmin
2022-06-08 15:09:31,857 - main.api.ExecuteAPILead -DEBUG - Username Given ➜➜ (LexisnexisAdmin@adappt.co.in)
2022-06-08 15:09:31,857 - main.api.ExecuteAPILead -DEBUG - Password Given ➜➜(LonestarAdmin@123)
2022-06-08 15:09:33,451 - main.api.ExecuteAPILead -DEBUG - ⏪ PRE_POST ⏩  Requested for: https://lnmjapi.adappt.ai/api/v1/Account/token
2022-06-08 15:09:33,451 - main.api.ExecuteAPILead -DEBUG - ✔️PASS ! 🙂...Expected ➨ [200] == Actual ➨ [200]
2022-06-08 15:09:33,452 - main.api.ExecuteAPILead -DEBUG - ✔️PASS ! 🙂...Expected ➨ [HTTP/1.1 200 OK] == Actual ➨ [HTTP/1.1 200 OK]
2022-06-08 15:09:33,453 - main.api.ExecuteAPILead -DEBUG - ✔️PASS ! 🙂...BEARER TOKEN Generated Succeed 
2022-06-08 15:09:34,873 - main.api.ExecuteAPILead -DEBUG - ⏪ DELETE ⏩ Request initiated for https://lnmjapi.adappt.ai/api/v1/EntityType/7ef6624f-f41a-44eb-87f8-8f4ef3c8b89b
2022-06-08 15:09:34,874 - main.api.ExecuteAPILead -DEBUG - Actual JsonBody Result is ➨➨ {"type":"https://tools.ietf.org/html/rfc7231#section-6.5.4","title":"Not Found","status":404,"traceId":"00-1808e6f2e069a64ca66fd2c9d1dd6b8b-c0506603c10c1d48-00"}
2022-06-08 15:09:34,874 - main.api.ExecuteAPILead -DEBUG - Actual StatusCode ➨➨ 404
2022-06-08 15:09:34,874 - main.api.ExecuteAPILead -DEBUG - ❌ Fail ! 🙁...Expected ➨ [200] ≠≠ Actual ➨ [404]
2022-06-08 15:09:34,874 - main.api.ExecuteAPILead -DEBUG - Actual Status_Info is ➨➨ HTTP/1.1 404 Not Found
2022-06-08 15:09:34,875 - main.api.ExecuteAPILead -DEBUG - ❌ Fail ! 🙁...Expected ➨ [HTTP/1.1 200 OK] ≠≠ Actual ➨ [HTTP/1.1 404 Not Found]
2022-06-08 15:09:36,970 - main.api.ExecuteAPILead -DEBUG - Execution Started...VIEW SPECIFIC ENTITY_TYPE in GlobalAdmin
2022-06-08 15:09:36,970 - main.api.ExecuteAPILead -DEBUG - Base URL fetched Succeed i.e. https://lnmjapi.adappt.ai/
2022-06-08 15:09:37,079 - main.api.ExecuteAPILead -DEBUG - Username Given ➜➜ (LexisnexisAdmin@adappt.co.in)
2022-06-08 15:09:37,079 - main.api.ExecuteAPILead -DEBUG - Password Given ➜➜(LonestarAdmin@123)
2022-06-08 15:09:38,552 - main.api.ExecuteAPILead -DEBUG - ⏪ PRE_POST ⏩  Requested for: https://lnmjapi.adappt.ai/api/v1/Account/token
2022-06-08 15:09:38,552 - main.api.ExecuteAPILead -DEBUG - ✔️PASS ! 🙂...Expected ➨ [200] == Actual ➨ [200]
2022-06-08 15:09:38,553 - main.api.ExecuteAPILead -DEBUG - ✔️PASS ! 🙂...Expected ➨ [HTTP/1.1 200 OK] == Actual ➨ [HTTP/1.1 200 OK]
2022-06-08 15:09:38,554 - main.api.ExecuteAPILead -DEBUG - ✔️PASS ! 🙂...BEARER TOKEN Generated Succeed 
2022-06-08 15:09:38,665 - main.api.ExecuteAPILead -DEBUG - RegionName Given i.e. (API)15.09.38
2022-06-08 15:09:38,666 - main.api.ExecuteAPILead -DEBUG - Prefix Given i.e. Lw38
2022-06-08 15:09:38,666 - main.api.ExecuteAPILead -DEBUG - Description Given i.e. Test_Description
2022-06-08 15:09:38,666 - main.api.ExecuteAPILead -DEBUG - DataCentre Given i.e. Test_DataCentre
2022-06-08 15:09:38,666 - main.api.ExecuteAPILead -DEBUG - Hosting Given i.e. Test_Hosting
2022-06-08 15:09:40,154 - main.api.ExecuteAPILead -DEBUG - ⏪ POST ⏩ Requested for https://lnmjapi.adappt.ai/api/v1/Region
2022-06-08 15:09:40,156 - main.api.ExecuteAPILead -DEBUG - Actual JsonBody Result is ➨➨ 3101
2022-06-08 15:09:40,157 - main.api.ExecuteAPILead -DEBUG - Actual StatusCode ➨➨ 400
2022-06-08 15:09:40,157 - main.api.ExecuteAPILead -DEBUG - ❌ Fail ! 🙁...Expected ➨ [200] ≠≠ Actual ➨ [400]
2022-06-08 15:09:40,158 - main.api.ExecuteAPILead -DEBUG - Actual Status_Info is ➨➨ HTTP/1.1 400 Bad Request
2022-06-08 15:09:40,158 - main.api.ExecuteAPILead -DEBUG - ❌ Fail ! 🙁...Expected ➨ [HTTP/1.1 200 OK] ≠≠ Actual ➨ [HTTP/1.1 400 Bad Request]
