2022-06-09 19:10:15,556 [main] DEBUG main.api.ExecuteAPILead - Execution Started...UPDATE THE EXISTING ENTITY_TYPE in GlobalAdmin
2022-06-09 19:10:15,560 [main] DEBUG main.api.ExecuteAPILead - Base URL fetched Succeed i.e. https://lnmjapi.adappt.ai/
2022-06-09 19:10:15,810 [main] DEBUG main.api.ExecuteAPILead - Username Given ➜➜ (LexisnexisAdmin@adappt.co.in)
2022-06-09 19:10:15,811 [main] DEBUG main.api.ExecuteAPILead - Password Given ➜➜(LonestarAdmin@123)
2022-06-09 19:10:18,552 [main] DEBUG main.api.ExecuteAPILead - ⏪ PRE_POST ⏩  Requested for: https://lnmjapi.adappt.ai/api/v1/Account/token
2022-06-09 19:10:18,592 [main] DEBUG main.api.ExecuteAPILead - ✔️PASS ! 🙂...Expected ➨ [200] == Actual ➨ [200]
2022-06-09 19:10:18,597 [main] DEBUG main.api.ExecuteAPILead - ✔️PASS ! 🙂...Expected ➨ [HTTP/1.1 200 OK] == Actual ➨ [HTTP/1.1 200 OK]
2022-06-09 19:10:18,614 [main] DEBUG main.api.ExecuteAPILead - ✔️PASS ! 🙂...BEARER TOKEN Generated Succeed 
2022-06-09 19:10:18,719 [main] DEBUG main.api.ExecuteAPILead - RegionName Given i.e. (API)19.10.18
2022-06-09 19:10:18,720 [main] DEBUG main.api.ExecuteAPILead - Prefix Given i.e. Lw18
2022-06-09 19:10:18,720 [main] DEBUG main.api.ExecuteAPILead - Description Given i.e. Test_Description
2022-06-09 19:10:18,721 [main] DEBUG main.api.ExecuteAPILead - DataCentre Given i.e. Test_DataCentre
2022-06-09 19:10:18,721 [main] DEBUG main.api.ExecuteAPILead - Hosting Given i.e. Test_Hosting
2022-06-09 19:10:20,512 [main] DEBUG main.api.ExecuteAPILead - ⏪ POST ⏩ Requested for https://lnmjapi.adappt.ai/api/v1/Region
2022-06-09 19:10:20,516 [main] DEBUG main.api.ExecuteAPILead - Actual JsonBody Result is ➨➨ "0bd86b55-f8a9-4e04-8572-1879c808a650"
2022-06-09 19:10:20,516 [main] DEBUG main.api.ExecuteAPILead - Actual StatusCode ➨➨ 200
2022-06-09 19:10:20,518 [main] DEBUG main.api.ExecuteAPILead - ✔️PASS ! 🙂...Expected ➨ [200] == Actual ➨ [200]
2022-06-09 19:10:20,519 [main] DEBUG main.api.ExecuteAPILead - Actual Status_Info is ➨➨ HTTP/1.1 200 OK
2022-06-09 19:10:20,519 [main] DEBUG main.api.ExecuteAPILead - ✔️PASS ! 🙂...Expected ➨ [HTTP/1.1 200 OK] == Actual ➨ [HTTP/1.1 200 OK]
2022-06-09 19:10:20,521 [main] DEBUG main.api.ExecuteAPILead - ➜ Region ID ➞➞ 0bd86b55-f8a9-4e04-8572-1879c808a650
2022-06-09 19:10:20,523 [main] DEBUG main.api.ExecuteAPILead - ------------------------✔️👍  Region Created Successfully in GlobalAdmin
2022-06-09 19:10:20,639 [main] DEBUG main.api.ExecuteAPILead - Username Given ➜➜ (LexisnexisAdmin@adappt.co.in)
2022-06-09 19:10:20,640 [main] DEBUG main.api.ExecuteAPILead - Password Given ➜➜(LonestarAdmin@123)
2022-06-09 19:10:24,094 [main] DEBUG main.api.ExecuteAPILead - ⏪ PRE_POST ⏩  Requested for: https://lnmjapi.adappt.ai/api/v1/Account/token
2022-06-09 19:10:24,095 [main] DEBUG main.api.ExecuteAPILead - ✔️PASS ! 🙂...Expected ➨ [200] == Actual ➨ [200]
2022-06-09 19:10:24,096 [main] DEBUG main.api.ExecuteAPILead - ✔️PASS ! 🙂...Expected ➨ [HTTP/1.1 200 OK] == Actual ➨ [HTTP/1.1 200 OK]
2022-06-09 19:10:24,097 [main] DEBUG main.api.ExecuteAPILead - ✔️PASS ! 🙂...BEARER TOKEN Generated Succeed 
2022-06-09 19:10:24,203 [main] DEBUG main.api.ExecuteAPILead - Name Given i.e. (JuAPI)19.10.24
2022-06-09 19:10:24,204 [main] DEBUG main.api.ExecuteAPILead - RegionID Given i.e. 0bd86b55-f8a9-4e04-8572-1879c808a650
2022-06-09 19:10:24,205 [main] DEBUG main.api.ExecuteAPILead - Prefix Given i.e. Lw24
2022-06-09 19:10:25,733 [main] DEBUG main.api.ExecuteAPILead - ⏪ POST ⏩ Requested for https://lnmjapi.adappt.ai/api/v1/Jurisdiction
2022-06-09 19:10:25,735 [main] DEBUG main.api.ExecuteAPILead - Actual JsonBody Result is ➨➨ "e7686c05-7e62-4cc5-a0d6-0ffbd482e187"
2022-06-09 19:10:25,735 [main] DEBUG main.api.ExecuteAPILead - ➜ Jurisdiction ID ➞➞ e7686c05-7e62-4cc5-a0d6-0ffbd482e187
2022-06-09 19:10:25,736 [main] DEBUG main.api.ExecuteAPILead - Actual StatusCode ➨➨ 200
2022-06-09 19:10:25,736 [main] DEBUG main.api.ExecuteAPILead - ✔️PASS ! 🙂...Expected ➨ [200] == Actual ➨ [200]
2022-06-09 19:10:25,737 [main] DEBUG main.api.ExecuteAPILead - Actual Status_Info is ➨➨ HTTP/1.1 200 OK
2022-06-09 19:10:25,737 [main] DEBUG main.api.ExecuteAPILead - ✔️PASS ! 🙂...Expected ➨ [HTTP/1.1 200 OK] == Actual ➨ [HTTP/1.1 200 OK]
2022-06-09 19:10:25,738 [main] DEBUG main.api.ExecuteAPILead - ------------------------✔️👍 Jurisdiction Created Successfully in GlobalAdmin
2022-06-09 19:10:25,851 [main] DEBUG main.api.ExecuteAPILead - Username Given ➜➜ (LexisnexisAdmin@adappt.co.in)
2022-06-09 19:10:25,853 [main] DEBUG main.api.ExecuteAPILead - Password Given ➜➜(LonestarAdmin@123)
2022-06-09 19:10:27,573 [main] DEBUG main.api.ExecuteAPILead - ⏪ PRE_POST ⏩  Requested for: https://lnmjapi.adappt.ai/api/v1/Account/token
2022-06-09 19:10:27,574 [main] DEBUG main.api.ExecuteAPILead - ✔️PASS ! 🙂...Expected ➨ [200] == Actual ➨ [200]
2022-06-09 19:10:27,575 [main] DEBUG main.api.ExecuteAPILead - ✔️PASS ! 🙂...Expected ➨ [HTTP/1.1 200 OK] == Actual ➨ [HTTP/1.1 200 OK]
2022-06-09 19:10:27,575 [main] DEBUG main.api.ExecuteAPILead - ✔️PASS ! 🙂...BEARER TOKEN Generated Succeed 
2022-06-09 19:10:27,685 [main] DEBUG main.api.ExecuteAPILead - EntityType Name Given i.e. (EntityAPI)19.10.24
2022-06-09 19:10:27,685 [main] DEBUG main.api.ExecuteAPILead - Region ID Given i.e. 0bd86b55-f8a9-4e04-8572-1879c808a650
2022-06-09 19:10:29,520 [main] DEBUG main.api.ExecuteAPILead - ⏪ POST ⏩ Requested for https://lnmjapi.adappt.ai/api/v1/EntityType
2022-06-09 19:10:29,521 [main] DEBUG main.api.ExecuteAPILead - Actual JsonBody Result is ➨➨ "5f174450-48fe-4d7d-a5bd-5fbb4638fade"
2022-06-09 19:10:29,522 [main] DEBUG main.api.ExecuteAPILead - Actual StatusCode ➨➨ 200
2022-06-09 19:10:29,523 [main] DEBUG main.api.ExecuteAPILead - ✔️PASS ! 🙂...Expected ➨ [200] == Actual ➨ [200]
2022-06-09 19:10:29,524 [main] DEBUG main.api.ExecuteAPILead - Actual Status_Info is ➨➨ HTTP/1.1 200 OK
2022-06-09 19:10:29,524 [main] DEBUG main.api.ExecuteAPILead - ✔️PASS ! 🙂...Expected ➨ [HTTP/1.1 200 OK] == Actual ➨ [HTTP/1.1 200 OK]
2022-06-09 19:10:29,525 [main] DEBUG main.api.ExecuteAPILead - ------------------------✔️👍 EntityType is Created Successfully in GlobalAdmin
2022-06-09 19:10:29,630 [main] DEBUG main.api.ExecuteAPILead - Username Given ➜➜ (LexisnexisAdmin@adappt.co.in)
2022-06-09 19:10:29,631 [main] DEBUG main.api.ExecuteAPILead - Password Given ➜➜(LonestarAdmin@123)
2022-06-09 19:10:31,280 [main] DEBUG main.api.ExecuteAPILead - ⏪ PRE_POST ⏩  Requested for: https://lnmjapi.adappt.ai/api/v1/Account/token
2022-06-09 19:10:31,281 [main] DEBUG main.api.ExecuteAPILead - ✔️PASS ! 🙂...Expected ➨ [200] == Actual ➨ [200]
2022-06-09 19:10:31,281 [main] DEBUG main.api.ExecuteAPILead - ✔️PASS ! 🙂...Expected ➨ [HTTP/1.1 200 OK] == Actual ➨ [HTTP/1.1 200 OK]
2022-06-09 19:10:31,290 [main] DEBUG main.api.ExecuteAPILead - ✔️PASS ! 🙂...BEARER TOKEN Generated Succeed 
2022-06-09 19:10:33,004 [main] DEBUG main.api.ExecuteAPILead - ⏪ GET_ALL ⏩ Requested for https://lnmjapi.adappt.ai/api/v1/EntityType
2022-06-09 19:10:33,305 [main] DEBUG main.api.ExecuteAPILead - Actual JsonBody Result is ➨➨ [{"Id":"a8eb9aa0-edb9-4a91-ad71-03fde79f2b93","Key":"legislation-keyword","Name":"Legislation Keyword","SubTypesCnt":1,"RegionId":null,"RegionName":null,"Prefix":null},{"Id":"cd437ba2-c35b-4827-96fa-07140a8349aa","Key":"units-single","Name":"Units Single","SubTypesCnt":1,"RegionId":null,"RegionName":null,"Prefix":null},{"Id":"10e1c830-2d25-4335-91b6-07a171e76b21","Key":"definition-rule-12-prefix","Name":"Definition rule 12 Prefix","SubTypesCnt":1,"RegionId":null,"RegionName":null,"Prefix":null},{"Id":"701efb57-6fbb-4954-bec5-0905f141d48e","Key":"close-round-bracket","Name":"Close Round Bracket","SubTypesCnt":1,"RegionId":null,"RegionName":null,"Prefix":null},{"Id":"97f83906-b7ec-4f7a-841d-0961b322ccbf","Key":"locations","Name":"Locations","SubTypesCnt":1,"RegionId":null,"RegionName":null,"Prefix":null},{"Id":"f36fd0c3-4c1a-48b0-a300-0c9cd1e8cc33","Key":"abbrevation-prefix-part","Name":"Abbrevation Prefix Part","SubTypesCnt":1,"RegionId":null,"RegionName":null,"Prefix":null},{"Id":"f128cd54-8a53-4b0e-bf97-0f9ba90ddb2e","Key":"newly-created","Name":"Newly created","SubTypesCnt":1,"RegionId":null,"RegionName":null,"Prefix":null},{"Id":"ec1d71eb-c02b-4603-b642-15d86a28bae7","Key":"legislation-citation","Name":"Legislation Citation","SubTypesCnt":1,"RegionId":null,"RegionName":null,"Prefix":null},{"Id":"d25c88bc-28e5-497c-98c8-1929626b9803","Key":"government","Name":"Government","SubTypesCnt":1,"RegionId":null,"RegionName":null,"Prefix":null},{"Id":"17b64011-747f-4db8-acd7-1ccbed56f408","Key":"case-keyword-exparte","Name":"Case Keyword Exparte","SubTypesCnt":1,"RegionId":null,"RegionName":null,"Prefix":null},{"Id":"98bdd91b-5996-478e-acc7-1d18d54037a0","Key":"cultures","Name":"Cultures","SubTypesCnt":1,"RegionId":null,"RegionName":null,"Prefix":null},{"Id":"047b2177-b6b0-4706-a815-22df28f171ee","Key":"back-slash","Name":"Back Slash","SubTypesCnt":1,"RegionId":null,"RegionName":null,"Prefix":null},{"Id":"c7179ac0-c1e2-48a2-869b-258b68c8eb58","Key":"close-curly-bracket","Name":"Close Curly Bracket","SubTypesCnt":1,"RegionId":null,"RegionName":null,"Prefix":null},{"Id":"ac9b1145-a6ae-4205-8349-29259f4fdf78","Key":"uk-rule-or-guidance-keyword","Name":"Uk Rule Or Guidance Keyword","SubTypesCnt":1,"RegionId":null,"RegionName":null,"Prefix":null},{"Id":"fde44106-50dc-4538-9af3-29b5b231905a","Key":"surnames","Name":"Surnames","SubTypesCnt":1,"RegionId":null,"RegionName":null,"Prefix":null},{"Id":"13673062-47d4-423b-8cf8-29be99c24e35","Key":"crown-party-name","Name":"Crown Party Name","SubTypesCnt":1,"RegionId":null,"RegionName":null,"Prefix":null},{"Id":"2bf0c8e8-07ef-49f1-ad17-2a4642ee6ff1","Key":"uk-transitional-provisions","Name":"Uk Transitional Provisions","SubTypesCnt":1,"RegionId":null,"RegionName":null,"Prefix":null},{"Id":"9f6ebf35-08dd-47c0-9364-2ade87e758e2","Key":"date-period","Name":"Date Period","SubTypesCnt":1,"RegionId":null,"RegionName":null,"Prefix":null},{"Id":"840ac6a2-478c-4519-a04c-2df40d435f56","Key":"number-prefix","Name":"Number Prefix","SubTypesCnt":1,"RegionId":null,"RegionName":null,"Prefix":null},{"Id":"e0b95ef4-7965-4a99-8cc5-4e8ad1823494","Key":"external-document","Name":"External Document","SubTypesCnt":1,"RegionId":null,"RegionName":null,"Prefix":null},{"Id":"ddecbf75-3e83-4b86-a196-524317b2f493","Key":"location-prefixes","Name":"Location Prefixes","SubTypesCnt":1,"RegionId":null,"RegionName":null,"Prefix":null},{"Id":"2ff3b6da-4a58-4970-8420-54325d616f37","Key":"holidays","Name":"Holidays","SubTypesCnt":1,"RegionId":null,"RegionName":null,"Prefix":null},{"Id":"b93625b0-a882-42a4-8e5c-568addd41055","Key":"ignore-words-for-definitions","Name":"Ignore words for definitions","SubTypesCnt":1,"RegionId":null,"RegionName":null,"Prefix":null},{"Id":"bc9d7fea-3edb-4921-9a1a-58e5e5874db0","Key":"telephone-international-area-trunk","Name":"Telephone International Area Trunk","SubTypesCnt":1,"RegionId":null,"RegionName":null,"Prefix":null},{"Id":"6a722ffb-7b4a-480f-bab4-5dbf840af6d1","Key":"(entityapi)19.07.49","Name":"(EntityAPI)19.07.49","SubTypesCnt":0,"RegionId":"4e86e703-776b-4bc7-bc83-db07a3682078","RegionName":"(API)19.07.45","Prefix":"Lw45"},{"Id":"b8d1c896-c310-40b1-8917-5f80e31abfab","Key":"american-spelling","Name":"American Spelling","SubTypesCnt":1,"RegionId":null,"RegionName":null,"Prefix":null},{"Id":"5f174450-48fe-4d7d-a5bd-5fbb4638fade","Key":"(entityapi)19.10.24","Name":"(EntityAPI)19.10.24","SubTypesCnt":0,"RegionId":"0bd86b55-f8a9-4e04-8572-1879c808a650","RegionName":"(API)19.10.18","Prefix":"Lw18"},{"Id":"9ddd6d05-2ce5-462d-bd0d-62d45f9e8837","Key":"open-round-bracket","Name":"Open Round Bracket","SubTypesCnt":1,"RegionId":null,"RegionName":null,"Prefix":null},{"Id":"92a37483-07ca-4909-a5ae-6594e0a7e5a9","Key":"meridiem","Name":"Meridiem","SubTypesCnt":1,"RegionId":null,"RegionName":null,"Prefix":null},{"Id":"640ef449-19ff-430e-bd8a-65e9699313a8","Key":"uk-cprpd-para","Name":"Uk Cprpd Para","SubTypesCnt":1,"RegionId":null,"RegionName":null,"Prefix":null},{"Id":"3b7b2d73-eaab-4fa1-8359-69e29411675b","Key":"possessive","Name":"Possessive","SubTypesCnt":1,"RegionId":null,"RegionName":null,"Prefix":null},{"Id":"c5d4b638-bf51-476b-851e-6c032ef600dd","Key":"uk-cpr-abbrev","Name":"Uk Cpr Abbrev","SubTypesCnt":1,"RegionId":null,"RegionName":null,"Prefix":null},{"Id":"fc39f188-6cb6-415b-8b50-6c5dfa2c7882","Key":"ampersand","Name":"Ampersand","SubTypesCnt":1,"RegionId":null,"RegionName":null,"Prefix":null},{"Id":"c535204e-0197-4fa5-82c8-731d2bb92d57","Key":"incorporated-ambiguos","Name":"Incorporated Ambiguos","SubTypesCnt":1,"RegionId":null,"RegionName":null,"Prefix":null},{"Id":"ec82812f-3cab-470c-9aa4-73ffc0a65fdb","Key":"single-quote","Name":"Single Quote","SubTypesCnt":1,"RegionId":null,"RegionName":null,"Prefix":null},{"Id":"42dc8b09-3006-48c4-a848-740041d69d62","Key":"exponents","Name":"Exponents","SubTypesCnt":1,"RegionId":null,"RegionName":null,"Prefix":null},{"Id":"89856c84-5138-43e1-98a5-74f6c2b84013","Key":"uk-tribunal-keyword","Name":"Uk Tribunal Keyword","SubTypesCnt":1,"RegionId":null,"RegionName":null,"Prefix":null},{"Id":"a40b9b90-0982-47e3-8996-7d9de1a2be6e","Key":"close-square-bracket","Name":"Close Square Bracket","SubTypesCnt":1,"RegionId":null,"RegionName":null,"Prefix":null},{"Id":"6e534456-215a-49a7-9cad-7da20a9d3237","Key":"provisions","Name":"Provisions","SubTypesCnt":1,"RegionId":null,"RegionName":null,"Prefix":null},{"Id":"043b8216-56ce-4f85-9bfa-800ac18fb55b","Key":"incorporated","Name":"Incorporated","SubTypesCnt":1,"RegionId":null,"RegionName":null,"Prefix":null},{"Id":"5bd55b0c-8471-4fd0-a511-81039a8a685b","Key":"style-decimal-enclosed-circle","Name":"Style Decimal Enclosed Circle","SubTypesCnt":1,"RegionId":null,"RegionName":null,"Prefix":null},{"Id":"736032f9-f6c2-42e9-a2f5-8143a87fd839","Key":"numeric-references","Name":"Numeric References","SubTypesCnt":1,"RegionId":null,"RegionName":null,"Prefix":null},{"Id":"24180be5-eae0-449a-b4bf-82aa5006b55f","Key":"trading-names","Name":"Trading Names","SubTypesCnt":1,"RegionId":null,"RegionName":null,"Prefix":null},{"Id":"2a8d0ab6-1313-47cf-a132-8ae7fa2e0eec","Key":"open-angle-bracket","Name":"Open Angle Bracket","SubTypesCnt":1,"RegionId":null,"RegionName":null,"Prefix":null},{"Id":"898f1c68-3bd5-43ef-90e4-8bca6fcad686","Key":"uk-appendix-keyword","Name":"Uk Appendix Keyword","SubTypesCnt":1,"RegionId":null,"RegionName":null,"Prefix":null},{"Id":"a0626b9e-1ae3-41fc-b7f5-8f93a3cd6e50","Key":"reference-cluster-conjunction","Name":"Reference Cluster Conjunction","SubTypesCnt":1,"RegionId":null,"RegionName":null,"Prefix":null},{"Id":"6f7e974b-6030-4f81-9691-9598ce65d384","Key":"uk-official-law-report","Name":"Uk Official Law Report","SubTypesCnt":1,"RegionId":null,"RegionName":null,"Prefix":null},{"Id":"a26d93c7-7de8-4c3c-8e19-97e9b4682fa3","Key":"uk-case-summary","Name":"Uk Case Summary","SubTypesCnt":1,"RegionId":null,"RegionName":null,"Prefix":null},{"Id":"59d02264-b9e3-49c8-939e-98b2c4474c2f","Key":"ordinal-number","Name":"Ordinal Number","SubTypesCnt":1,"RegionId":null,"RegionName":null,"Prefix":null},{"Id":"7012d7f0-1c5e-4a75-a8c0-99c54c348803","Key":"honorifics","Name":"Honorifics","SubTypesCnt":1,"RegionId":null,"RegionName":null,"Prefix":null},{"Id":"107e0b7c-b524-4741-8b43-9cb4b87096af","Key":"table-headings","Name":"Table-Headings","SubTypesCnt":1,"RegionId":null,"RegionName":null,"Prefix":null},{"Id":"9d375ff2-e1c4-4a1e-b5d1-a12404b91097","Key":"incorporatedand","Name":"IncorporatedAnd","SubTypesCnt":1,"RegionId":null,"RegionName":null,"Prefix":null},{"Id":"02eddf35-ae31-4293-8dd5-a3c85af3e287","Key":"number-abbreviation","Name":"Number Abbreviation","SubTypesCnt":1,"RegionId":null,"RegionName":null,"Prefix":null},{"Id":"010c4866-4cf7-49c1-8afc-a6d57425fdb1","Key":"address-part","Name":"Address-Part","SubTypesCnt":1,"RegionId":null,"RegionName":null,"Prefix":null},{"Id":"392ca39d-e55f-47a9-8286-a7f8a9bdb779","Key":"determiner","Name":"Determiner","SubTypesCnt":1,"RegionId":null,"RegionName":null,"Prefix":null},{"Id":"a2166f37-5cf8-49d9-a9c0-b142212c3cf3","Key":"gendered-language","Name":"Gendered language","SubTypesCnt":1,"RegionId":null,"RegionName":null,"Prefix":null},{"Id":"b9acb003-17e1-4221-85ec-b27207374f7f","Key":"uk-month","Name":"Uk Month","SubTypesCnt":1,"RegionId":null,"RegionName":null,"Prefix":null},{"Id":"e8752ee5-332e-4658-bf4b-b425fb472e65","Key":"vat-number-prefix","Name":"vat-number-prefix","SubTypesCnt":1,"RegionId":null,"RegionName":null,"Prefix":null},{"Id":"06cb6de7-341c-403c-a40e-b569238a5cba","Key":"countries","Name":"Countries","SubTypesCnt":1,"RegionId":null,"RegionName":null,"Prefix":null},{"Id":"b0c25ae3-182a-45d1-a683-b8f82bc458ea","Key":"policies-standards","Name":"Policies Standards","SubTypesCnt":1,"RegionId":null,"RegionName":null,"Prefix":null},{"Id":"5ceee563-a8d6-4e1d-b6f6-b9874b6f7c6f","Key":"uk-lseaim-rule-keyword","Name":"Uk Lseaim Rule Keyword","SubTypesCnt":1,"RegionId":null,"RegionName":null,"Prefix":null},{"Id":"ca8b9bb4-8c25-4f0b-b6d0-bfb37f74c18c","Key":"miscellaneous","Name":"Miscellaneous","SubTypesCnt":1,"RegionId":null,"RegionName":null,"Prefix":null},{"Id":"029915b2-6f57-454b-9b02-c1ae252d9737","Key":"case-keyword-against","Name":"Case Keyword Against","SubTypesCnt":1,"RegionId":null,"RegionName":null,"Prefix":null},{"Id":"5d573466-e2d7-4e1e-8084-c1c96f24af04","Key":"surname-prefixes","Name":"Surname Prefixes","SubTypesCnt":1,"RegionId":null,"RegionName":null,"Prefix":null},{"Id":"899d2bf3-205d-4f42-baf9-c220fda7b7c2","Key":"uk-annex-keyword","Name":"Uk Annex Keyword","SubTypesCnt":1,"RegionId":null,"RegionName":null,"Prefix":null},{"Id":"a862cd7f-aa1f-46b0-b6eb-c4a46f231a3e","Key":"forward-slash","Name":"Forward Slash","SubTypesCnt":1,"RegionId":null,"RegionName":null,"Prefix":null},{"Id":"d1e9d19c-ffda-47e8-b76a-c76876f980dd","Key":"open-square-bracket","Name":"Open Square Bracket","SubTypesCnt":1,"RegionId":null,"RegionName":null,"Prefix":null},{"Id":"c3a585fe-4644-4778-bb3b-c89f99532ff5","Key":"payroll-number-prefix","Name":"Payroll Number Prefix","SubTypesCnt":1,"RegionId":null,"RegionName":null,"Prefix":null},{"Id":"6b8ea2b7-fef3-4fb5-815b-cd687ff10e7c","Key":"number-abbreviation-with-prefilters","Name":"Number Abbreviation With Prefilters","SubTypesCnt":1,"RegionId":null,"RegionName":null,"Prefix":null},{"Id":"bab351ce-f2c3-48bb-8177-cdc7750ede1b","Key":"post-code","Name":"Post Code","SubTypesCnt":1,"RegionId":null,"RegionName":null,"Prefix":null},{"Id":"bc4ba68e-6e03-4918-9548-ce3cb4744dd4","Key":"first-names","Name":"First Names","SubTypesCnt":1,"RegionId":null,"RegionName":null,"Prefix":null},{"Id":"56703251-b71a-4ac3-81d3-cfc7e90be4ea","Key":"company-suffix","Name":"Company-Suffix","SubTypesCnt":1,"RegionId":null,"RegionName":null,"Prefix":null},{"Id":"6895f6fc-c82d-43c8-96bc-cfd4cfd1390c","Key":"land-registry","Name":"Land Registry","SubTypesCnt":1,"RegionId":null,"RegionName":null,"Prefix":null},{"Id":"9c272781-024f-4276-820d-d0306dae2e41","Key":"languages","Name":"Languages","SubTypesCnt":1,"RegionId":null,"RegionName":null,"Prefix":null},{"Id":"d1408bae-d871-412b-a2da-d6cd118f1089","Key":"common-company-names","Name":"Common Company Names","SubTypesCnt":1,"RegionId":null,"RegionName":null,"Prefix":null},{"Id":"e6fb1f5f-ab0e-4abd-ac17-dceb4f0f7c3a","Key":"sub-units-single","Name":"Sub Units Single","SubTypesCnt":1,"RegionId":null,"RegionName":null,"Prefix":null},{"Id":"585d8650-85f8-477a-b94e-df7c9e8ce811","Key":"string","Name":"String","SubTypesCnt":1,"RegionId":null,"RegionName":null,"Prefix":null},{"Id":"18c1fe49-4925-4fb4-9ed3-e2c15c4a326d","Key":"global-2000","Name":"Global 2000","SubTypesCnt":1,"RegionId":null,"RegionName":null,"Prefix":null},{"Id":"2e37739e-e1e9-4003-8e69-f5a99f771e79","Key":"full-stop","Name":"Full Stop","SubTypesCnt":1,"RegionId":null,"RegionName":null,"Prefix":null},{"Id":"43a1b7ae-e3b1-45ef-992b-f817b9ce8f06","Key":"definition-rule-5-prefix","Name":"Definition Rule 5 Prefix","SubTypesCnt":1,"RegionId":null,"RegionName":null,"Prefix":null},{"Id":"2baa7efb-6f2d-4642-8cfb-f84b337c7b34","Key":"currencies","Name":"Currencies","SubTypesCnt":1,"RegionId":null,"RegionName":null,"Prefix":null}]
2022-06-09 19:10:33,310 [main] DEBUG main.api.ExecuteAPILead - Actual StatusCode ➨➨ 200
2022-06-09 19:10:33,311 [main] DEBUG main.api.ExecuteAPILead - ✔️PASS ! 🙂...Expected ➨ [200] == Actual ➨ [200]
2022-06-09 19:10:33,312 [main] DEBUG main.api.ExecuteAPILead - Actual Status_Info is ➨➨ HTTP/1.1 200 OK
2022-06-09 19:10:33,313 [main] DEBUG main.api.ExecuteAPILead - ✔️PASS ! 🙂...Expected ➨ [HTTP/1.1 200 OK] == Actual ➨ [HTTP/1.1 200 OK]
2022-06-09 19:10:33,886 [main] DEBUG main.api.ExecuteAPILead - List of EntityKey ➞➞ 81
2022-06-09 19:10:33,924 [main] DEBUG main.api.ExecuteAPILead - ------------------------✔️👍 EntityType is Viewed Successfully in GlobalAdmin
2022-06-09 19:10:34,035 [main] DEBUG main.api.ExecuteAPILead - Username Given ➜➜ (LexisnexisAdmin@adappt.co.in)
2022-06-09 19:10:34,036 [main] DEBUG main.api.ExecuteAPILead - Password Given ➜➜(LonestarAdmin@123)
2022-06-09 19:10:35,746 [main] DEBUG main.api.ExecuteAPILead - ⏪ PRE_POST ⏩  Requested for: https://lnmjapi.adappt.ai/api/v1/Account/token
2022-06-09 19:10:35,747 [main] DEBUG main.api.ExecuteAPILead - ✔️PASS ! 🙂...Expected ➨ [200] == Actual ➨ [200]
2022-06-09 19:10:35,748 [main] DEBUG main.api.ExecuteAPILead - ✔️PASS ! 🙂...Expected ➨ [HTTP/1.1 200 OK] == Actual ➨ [HTTP/1.1 200 OK]
2022-06-09 19:10:35,749 [main] DEBUG main.api.ExecuteAPILead - ✔️PASS ! 🙂...BEARER TOKEN Generated Succeed 
2022-06-09 19:10:35,854 [main] DEBUG main.api.ExecuteAPILead - EntityType Key Given i.e. null
2022-06-09 19:10:35,854 [main] DEBUG main.api.ExecuteAPILead - EntityType Name Given i.e. (UpEtAPI)
2022-06-09 19:10:35,855 [main] DEBUG main.api.ExecuteAPILead - Region ID Given i.e. 0bd86b55-f8a9-4e04-8572-1879c808a650
2022-06-09 19:10:37,506 [main] DEBUG main.api.ExecuteAPILead - ⏪ PUT ⏩ Request for https://lnmjapi.adappt.ai/api/v1/EntityType
2022-06-09 19:10:37,507 [main] DEBUG main.api.ExecuteAPILead - Actual JsonBody Result is ➨➨ {"errors":{"Key":["The Key field is required."]},"type":"https://tools.ietf.org/html/rfc7231#section-6.5.1","title":"One or more validation errors occurred.","status":400,"traceId":"00-18256263fc819a4dbe190d334b7811e6-2c95a8cd134ae341-00"}
2022-06-09 19:10:37,508 [main] DEBUG main.api.ExecuteAPILead - Actual StatusCode ➨➨ 400
2022-06-09 19:10:37,508 [main] DEBUG main.api.ExecuteAPILead - ❌ Fail ! 🙁...Expected ➨ [200] ≠≠ Actual ➨ [400]
2022-06-09 19:10:37,508 [main] DEBUG main.api.ExecuteAPILead - Actual Status_Info is ➨➨ HTTP/1.1 400 Bad Request
2022-06-09 19:10:37,509 [main] DEBUG main.api.ExecuteAPILead - ❌ Fail ! 🙁...Expected ➨ [HTTP/1.1 200 OK] ≠≠ Actual ➨ [HTTP/1.1 400 Bad Request]
